2018-10-26 03:02:25 +0000 [MT] Initial pipeline context: <IDEDistributionProcessingPipelineContext: 0x7f88590b1230; archive(resolved)='<IDEArchive: 0x7f8858e23d20>', distributionTask(resolved)='2', distributionMethod(resolved)='<IDEDistributionMethodAdHoc: 0x7f88565f6a10>', team(resolved)='<IDEProvisioningBasicTeam: 0x7f8859080290; teamID='WWTFB24CDL', teamName='Shanghai Jinyou Information Technology Company Limited'>'>
	Chain (11, self inclusive):
	<IDEDistributionProcessingPipelineContext: 0x7f88590b1230; archive = '<IDEArchive: 0x7f8858e23d20>', distributionMethod='<IDEDistributionMethodAdHoc: 0x7f88565f6a10>', team='<IDEProvisioningBasicTeam: 0x7f8859080290; teamID='WWTFB24CDL', teamName='Shanghai Jinyou Information Technology Company Limited'>'>
	<IDEDistributionProcessingPipelineContext: 0x7f88590a19a0; archive = '<IDEArchive: 0x7f8858e23d20>', distributionMethod='<IDEDistributionMethodAdHoc: 0x7f88565f6a10>', team='<IDEProvisioningBasicTeam: 0x7f8859080290; teamID='WWTFB24CDL', teamName='Shanghai Jinyou Information Technology Company Limited'>'>
	<IDEDistributionContext: 0x7f88590a34b0; archive = '<IDEArchive: 0x7f8858e23d20>', distributionMethod='<IDEDistributionMethodAdHoc: 0x7f88565f6a10>', team='<IDEProvisioningBasicTeam: 0x7f8859080290; teamID='WWTFB24CDL', teamName='Shanghai Jinyou Information Technology Company Limited'>'>
	<IDEDistributionContext: 0x7f8859098630; archive = '<IDEArchive: 0x7f8858e23d20>', distributionMethod='<IDEDistributionMethodAdHoc: 0x7f88565f6a10>', team='<IDEProvisioningBasicTeam: 0x7f8859080290; teamID='WWTFB24CDL', teamName='Shanghai Jinyou Information Technology Company Limited'>'>
	<IDEDistributionContext: 0x7f88590961f0; archive = '<IDEArchive: 0x7f8858e23d20>', distributionMethod='<IDEDistributionMethodAdHoc: 0x7f88565f6a10>', team='<IDEProvisioningBasicTeam: 0x7f8859080290; teamID='WWTFB24CDL', teamName='Shanghai Jinyou Information Technology Company Limited'>'>
	<IDEDistributionContext: 0x7f8859094e30; archive = '<IDEArchive: 0x7f8858e23d20>', distributionMethod='<IDEDistributionMethodAdHoc: 0x7f88565f6a10>', team='<IDEProvisioningBasicTeam: 0x7f8859080290; teamID='WWTFB24CDL', teamName='Shanghai Jinyou Information Technology Company Limited'>'>
	<IDEDistributionContext: 0x7f8859094850; archive = '<IDEArchive: 0x7f8858e23d20>', distributionMethod='<IDEDistributionMethodAdHoc: 0x7f88565f6a10>', team='<IDEProvisioningBasicTeam: 0x7f8859080290; teamID='WWTFB24CDL', teamName='Shanghai Jinyou Information Technology Company Limited'>'>
	<IDEDistributionContext: 0x7f8859092e50; archive = '<IDEArchive: 0x7f8858e23d20>', distributionMethod='<IDEDistributionMethodAdHoc: 0x7f88565f6a10>', team='<IDEProvisioningBasicTeam: 0x7f8859080290; teamID='WWTFB24CDL', teamName='Shanghai Jinyou Information Technology Company Limited'>'>
	<IDEDistributionContext: 0x7f88565fadc0; archive = '<IDEArchive: 0x7f8858e23d20>', distributionMethod='<IDEDistributionMethodAdHoc: 0x7f88565f6a10>', team='<IDEProvisioningBasicTeam: 0x7f8859080290; teamID='WWTFB24CDL', teamName='Shanghai Jinyou Information Technology Company Limited'>'>
	<IDEDistributionContext: 0x7f8858cdf030; archive = '<IDEArchive: 0x7f8858e23d20>', distributionMethod='<IDEDistributionMethodAdHoc: 0x7f88565f6a10>', team='(null)'>
	<IDEDistributionContext: 0x7f8858e249e0; archive = '<IDEArchive: 0x7f8858e23d20>', distributionMethod='(null)', team='(null)'>
</IDEDistributionProcessingPipelineContext: 0x7f88590b1230>
2018-10-26 03:02:25 +0000 [MT] Processing step: IDEDistributionCreateDestRootStep
2018-10-26 03:02:25 +0000 [MT] Processing step: IDEDistributionCopyItemStep
2018-10-26 03:02:25 +0000 [MT] Running /usr/bin/ditto '-V' '/Users/flowerflower/Desktop/Flowerflower/01Demo/WB/WB/build/WB.xcarchive/Products/Applications/WB.app' '/var/folders/yy/qvtc6_d97wj9dh4_8hb0sxd80000gq/T/XcodeDistPipeline.ERZ/Root/Payload/WB.app'
2018-10-26 03:02:25 +0000  >>> Copying /Users/flowerflower/Desktop/Flowerflower/01Demo/WB/WB/build/WB.xcarchive/Products/Applications/WB.app 
2018-10-26 03:02:25 +0000  copying file ./_CodeSignature/CodeResources ... 
2018-10-26 03:02:25 +0000  27292 bytes for ./_CodeSignature/CodeResources
copying file ./AppIcon57x57.png ... 
2325 bytes for ./AppIcon57x57.png
copying file ./AppIcon57x57@2x.png ... 
2018-10-26 03:02:25 +0000  8165 bytes for ./AppIcon57x57@2x.png
copying file ./AppIcon72x72~ipad.png ... 
6704 bytes for ./AppIcon72x72~ipad.png
copying file ./Assets.car ... 
2018-10-26 03:02:26 +0000  576120 bytes for ./Assets.car
2018-10-26 03:02:26 +0000  copying file ./Base.lproj/LaunchScreen.storyboardc/01J-lp-oVM-view-Ze5-6b-2t3.nib ... 
1793 bytes for ./Base.lproj/LaunchScreen.storyboardc/01J-lp-oVM-view-Ze5-6b-2t3.nib
copying file ./Base.lproj/LaunchScreen.storyboardc/Info.plist ... 
2018-10-26 03:02:26 +0000  258 bytes for ./Base.lproj/LaunchScreen.storyboardc/Info.plist
copying file ./Base.lproj/LaunchScreen.storyboardc/UIViewController-01J-lp-oVM.nib ... 
2018-10-26 03:02:26 +0000  832 bytes for ./Base.lproj/LaunchScreen.storyboardc/UIViewController-01J-lp-oVM.nib
2018-10-26 03:02:26 +0000  copying file ./Base.lproj/Main.storyboardc/BYZ-38-t0r-view-8bC-Xf-vdC.nib ... 
2018-10-26 03:02:26 +0000  1792 bytes for ./Base.lproj/Main.storyboardc/BYZ-38-t0r-view-8bC-Xf-vdC.nib
copying file ./Base.lproj/Main.storyboardc/Info.plist ... 
2018-10-26 03:02:26 +0000  258 bytes for ./Base.lproj/Main.storyboardc/Info.plist
copying file ./Base.lproj/Main.storyboardc/UIViewController-BYZ-38-t0r.nib ... 
2018-10-26 03:02:26 +0000  925 bytes for ./Base.lproj/Main.storyboardc/UIViewController-BYZ-38-t0r.nib
copying file ./ComposeController.nib ... 
2018-10-26 03:02:26 +0000  5234 bytes for ./ComposeController.nib
copying file ./embedded.mobileprovision ... 
2018-10-26 03:02:26 +0000  13089 bytes for ./embedded.mobileprovision
2018-10-26 03:02:26 +0000  copying file ./Frameworks/AFNetworking.framework/_CodeSignature/CodeResources ... 
2018-10-26 03:02:26 +0000  2202 bytes for ./Frameworks/AFNetworking.framework/_CodeSignature/CodeResources
2018-10-26 03:02:26 +0000  copying file ./Frameworks/AFNetworking.framework/AFNetworking ... 
2018-10-26 03:02:26 +0000  4000288 bytes for ./Frameworks/AFNetworking.framework/AFNetworking
copying file ./Frameworks/AFNetworking.framework/Info.plist ... 
2018-10-26 03:02:26 +0000  745 bytes for ./Frameworks/AFNetworking.framework/Info.plist
2018-10-26 03:02:26 +0000  copying file ./Frameworks/FMDB.framework/_CodeSignature/CodeResources ... 
2018-10-26 03:02:26 +0000  2202 bytes for ./Frameworks/FMDB.framework/_CodeSignature/CodeResources
copying file ./Frameworks/FMDB.framework/FMDB ... 
2018-10-26 03:02:26 +0000  1432176 bytes for ./Frameworks/FMDB.framework/FMDB
copying file ./Frameworks/FMDB.framework/Info.plist ... 
2018-10-26 03:02:26 +0000  729 bytes for ./Frameworks/FMDB.framework/Info.plist
2018-10-26 03:02:26 +0000  copying file ./Frameworks/libswiftCore.dylib ... 
2018-10-26 03:02:26 +0000  66704336 bytes for ./Frameworks/libswiftCore.dylib
copying file ./Frameworks/libswiftCoreFoundation.dylib ... 
2018-10-26 03:02:26 +0000  299520 bytes for ./Frameworks/libswiftCoreFoundation.dylib
copying file ./Frameworks/libswiftCoreGraphics.dylib ... 
2018-10-26 03:02:26 +0000  1637568 bytes for ./Frameworks/libswiftCoreGraphics.dylib
copying file ./Frameworks/libswiftCoreImage.dylib ... 
2018-10-26 03:02:26 +0000  349408 bytes for ./Frameworks/libswiftCoreImage.dylib
copying file ./Frameworks/libswiftDarwin.dylib ... 
2018-10-26 03:02:26 +0000  847744 bytes for ./Frameworks/libswiftDarwin.dylib
copying file ./Frameworks/libswiftDispatch.dylib ... 
2018-10-26 03:02:26 +0000  2764080 bytes for ./Frameworks/libswiftDispatch.dylib
copying file ./Frameworks/libswiftFoundation.dylib ... 
2018-10-26 03:02:26 +0000  30207024 bytes for ./Frameworks/libswiftFoundation.dylib
copying file ./Frameworks/libswiftMetal.dylib ... 
2018-10-26 03:02:26 +0000  457904 bytes for ./Frameworks/libswiftMetal.dylib
2018-10-26 03:02:26 +0000  copying file ./Frameworks/libswiftObjectiveC.dylib ... 
2018-10-26 03:02:26 +0000  595872 bytes for ./Frameworks/libswiftObjectiveC.dylib
copying file ./Frameworks/libswiftos.dylib ... 
2018-10-26 03:02:26 +0000  506160 bytes for ./Frameworks/libswiftos.dylib
2018-10-26 03:02:26 +0000  copying file ./Frameworks/libswiftQuartzCore.dylib ... 
352400 bytes for ./Frameworks/libswiftQuartzCore.dylib
copying file ./Frameworks/libswiftSwiftOnoneSupport.dylib ... 
2018-10-26 03:02:26 +0000  4031024 bytes for ./Frameworks/libswiftSwiftOnoneSupport.dylib
copying file ./Frameworks/libswiftUIKit.dylib ... 
2018-10-26 03:02:26 +0000  1084800 bytes for ./Frameworks/libswiftUIKit.dylib
2018-10-26 03:02:26 +0000  copying file ./Frameworks/MJRefresh.framework/_CodeSignature/CodeResources ... 
2018-10-26 03:02:26 +0000  3917 bytes for ./Frameworks/MJRefresh.framework/_CodeSignature/CodeResources
copying file ./Frameworks/MJRefresh.framework/Info.plist ... 
2018-10-26 03:02:26 +0000  740 bytes for ./Frameworks/MJRefresh.framework/Info.plist
copying file ./Frameworks/MJRefresh.framework/MJRefresh ... 
2018-10-26 03:02:26 +0000  1781456 bytes for ./Frameworks/MJRefresh.framework/MJRefresh
2018-10-26 03:02:26 +0000  copying file ./Frameworks/MJRefresh.framework/MJRefresh.bundle/arrow@2x.png ... 
2018-10-26 03:02:26 +0000  1033 bytes for ./Frameworks/MJRefresh.framework/MJRefresh.bundle/arrow@2x.png
copying file ./Frameworks/MJRefresh.framework/MJRefresh.bundle/en.lproj/Localizable.strings ... 
2018-10-26 03:02:26 +0000  1372 bytes for ./Frameworks/MJRefresh.framework/MJRefresh.bundle/en.lproj/Localizable.strings
copying file ./Frameworks/MJRefresh.framework/MJRefresh.bundle/zh-Hans.lproj/Localizable.strings ... 
2018-10-26 03:02:26 +0000  1194 bytes for ./Frameworks/MJRefresh.framework/MJRefresh.bundle/zh-Hans.lproj/Localizable.strings
copying file ./Frameworks/MJRefresh.framework/MJRefresh.bundle/zh-Hant.lproj/Localizable.strings ... 
2018-10-26 03:02:26 +0000  773 bytes for ./Frameworks/MJRefresh.framework/MJRefresh.bundle/zh-Hant.lproj/Localizable.strings
2018-10-26 03:02:26 +0000  copying file ./Frameworks/pop.framework/_CodeSignature/CodeResources ... 
2018-10-26 03:02:26 +0000  2202 bytes for ./Frameworks/pop.framework/_CodeSignature/CodeResources
2018-10-26 03:02:26 +0000  copying file ./Frameworks/pop.framework/Info.plist ... 
2018-10-26 03:02:26 +0000  728 bytes for ./Frameworks/pop.framework/Info.plist
copying file ./Frameworks/pop.framework/pop ... 
2018-10-26 03:02:26 +0000  3786256 bytes for ./Frameworks/pop.framework/pop
2018-10-26 03:02:26 +0000  copying file ./Frameworks/SDWebImage.framework/_CodeSignature/CodeResources ... 
2202 bytes for ./Frameworks/SDWebImage.framework/_CodeSignature/CodeResources
copying file ./Frameworks/SDWebImage.framework/Info.plist ... 
2018-10-26 03:02:26 +0000  741 bytes for ./Frameworks/SDWebImage.framework/Info.plist
copying file ./Frameworks/SDWebImage.framework/SDWebImage ... 
2018-10-26 03:02:26 +0000  3175264 bytes for ./Frameworks/SDWebImage.framework/SDWebImage
2018-10-26 03:02:26 +0000  copying file ./Frameworks/SnapKit.framework/_CodeSignature/CodeResources ... 
2202 bytes for ./Frameworks/SnapKit.framework/_CodeSignature/CodeResources
copying file ./Frameworks/SnapKit.framework/Info.plist ... 
2018-10-26 03:02:26 +0000  735 bytes for ./Frameworks/SnapKit.framework/Info.plist
copying file ./Frameworks/SnapKit.framework/SnapKit ... 
2018-10-26 03:02:26 +0000  2971088 bytes for ./Frameworks/SnapKit.framework/SnapKit
2018-10-26 03:02:26 +0000  copying file ./Frameworks/SVProgressHUD.framework/_CodeSignature/CodeResources ... 
2018-10-26 03:02:26 +0000  6110 bytes for ./Frameworks/SVProgressHUD.framework/_CodeSignature/CodeResources
2018-10-26 03:02:26 +0000  copying file ./Frameworks/SVProgressHUD.framework/Info.plist ... 
747 bytes for ./Frameworks/SVProgressHUD.framework/Info.plist
copying file ./Frameworks/SVProgressHUD.framework/SVProgressHUD ... 
2018-10-26 03:02:26 +0000  1399680 bytes for ./Frameworks/SVProgressHUD.framework/SVProgressHUD
2018-10-26 03:02:26 +0000  copying file ./Frameworks/SVProgressHUD.framework/SVProgressHUD.bundle/angle-mask.png ... 
2018-10-26 03:02:26 +0000  1845 bytes for ./Frameworks/SVProgressHUD.framework/SVProgressHUD.bundle/angle-mask.png
copying file ./Frameworks/SVProgressHUD.framework/SVProgressHUD.bundle/angle-mask@2x.png ... 
2018-10-26 03:02:26 +0000  4893 bytes for ./Frameworks/SVProgressHUD.framework/SVProgressHUD.bundle/angle-mask@2x.png
copying file ./Frameworks/SVProgressHUD.framework/SVProgressHUD.bundle/angle-mask@3x.png ... 
2018-10-26 03:02:26 +0000  8319 bytes for ./Frameworks/SVProgressHUD.framework/SVProgressHUD.bundle/angle-mask@3x.png
copying file ./Frameworks/SVProgressHUD.framework/SVProgressHUD.bundle/error.png ... 
2018-10-26 03:02:26 +0000  184 bytes for ./Frameworks/SVProgressHUD.framework/SVProgressHUD.bundle/error.png
copying file ./Frameworks/SVProgressHUD.framework/SVProgressHUD.bundle/error@2x.png ... 
2018-10-26 03:02:26 +0000  306 bytes for ./Frameworks/SVProgressHUD.framework/SVProgressHUD.bundle/error@2x.png
copying file ./Frameworks/SVProgressHUD.framework/SVProgressHUD.bundle/error@3x.png ... 
2018-10-26 03:02:26 +0000  398 bytes for ./Frameworks/SVProgressHUD.framework/SVProgressHUD.bundle/error@3x.png
copying file ./Frameworks/SVProgressHUD.framework/SVProgressHUD.bundle/info.png ... 
2018-10-26 03:02:26 +0000  365 bytes for ./Frameworks/SVProgressHUD.framework/SVProgressHUD.bundle/info.png
copying file ./Frameworks/SVProgressHUD.framework/SVProgressHUD.bundle/info@2x.png ... 
2018-10-26 03:02:26 +0000  816 bytes for ./Frameworks/SVProgressHUD.framework/SVProgressHUD.bundle/info@2x.png
copying file ./Frameworks/SVProgressHUD.framework/SVProgressHUD.bundle/info@3x.png ... 
2018-10-26 03:02:26 +0000  1200 bytes for ./Frameworks/SVProgressHUD.framework/SVProgressHUD.bundle/info@3x.png
copying file ./Frameworks/SVProgressHUD.framework/SVProgressHUD.bundle/success.png ... 
2018-10-26 03:02:26 +0000  262 bytes for ./Frameworks/SVProgressHUD.framework/SVProgressHUD.bundle/success.png
copying file ./Frameworks/SVProgressHUD.framework/SVProgressHUD.bundle/success@2x.png ... 
2018-10-26 03:02:26 +0000  462 bytes for ./Frameworks/SVProgressHUD.framework/SVProgressHUD.bundle/success@2x.png
copying file ./Frameworks/SVProgressHUD.framework/SVProgressHUD.bundle/success@3x.png ... 
2018-10-26 03:02:26 +0000  714 bytes for ./Frameworks/SVProgressHUD.framework/SVProgressHUD.bundle/success@3x.png
2018-10-26 03:02:26 +0000  copying file ./Frameworks/YYModel.framework/_CodeSignature/CodeResources ... 
2018-10-26 03:02:26 +0000  2202 bytes for ./Frameworks/YYModel.framework/_CodeSignature/CodeResources
copying file ./Frameworks/YYModel.framework/Info.plist ... 
735 bytes for ./Frameworks/YYModel.framework/Info.plist
copying file ./Frameworks/YYModel.framework/YYModel ... 
2018-10-26 03:02:26 +0000  1245360 bytes for ./Frameworks/YYModel.framework/YYModel
2018-10-26 03:02:26 +0000  copying file ./HomeCell.nib ... 
2018-10-26 03:02:26 +0000  9787 bytes for ./HomeCell.nib
copying file ./Info.plist ... 
2018-10-26 03:02:26 +0000  1366 bytes for ./Info.plist
copying file ./PicCell.nib ... 
2018-10-26 03:02:26 +0000  2509 bytes for ./PicCell.nib
copying file ./PkgInfo ... 
2018-10-26 03:02:26 +0000  8 bytes for ./PkgInfo
copying file ./SelectPhotoCell.nib ... 
2018-10-26 03:02:26 +0000  3626 bytes for ./SelectPhotoCell.nib
copying file ./TabBar.json ... 
440 bytes for ./TabBar.json
2018-10-26 03:02:26 +0000  copying file ./VisitorView.nib ... 
2018-10-26 03:02:26 +0000  5034 bytes for ./VisitorView.nib
copying file ./WB ... 
2018-10-26 03:02:26 +0000  6169184 bytes for ./WB
copying file ./WelcomeController.nib ... 
2018-10-26 03:02:26 +0000  3369 bytes for ./WelcomeController.nib
2018-10-26 03:02:26 +0000  
2018-10-26 03:02:26 +0000  
2018-10-26 03:02:26 +0000 [MT] /usr/bin/ditto exited with 0
2018-10-26 03:02:26 +0000  
2018-10-26 03:02:26 +0000  
2018-10-26 03:02:26 +0000 [MT] Processing step: IDEDistributionEmbedProfileStep
2018-10-26 03:02:26 +0000 [MT] Skipping profile for item: <IDEDistributionItem: 0x7f8858de8fa0 'org.cocoapods.AFNetworking' '<DVTFilePath:0x7f8858f1ee10:'/Users/flowerflower/Desktop/Flowerflower/01Demo/WB/WB/build/WB.xcarchive/Products/Applications/WB.app/Frameworks/AFNetworking.framework'>'>
2018-10-26 03:02:26 +0000 [MT] Skipping profile for item: <IDEDistributionItem: 0x7f885904d0d0 'org.cocoapods.FMDB' '<DVTFilePath:0x7f8858f1bf70:'/Users/flowerflower/Desktop/Flowerflower/01Demo/WB/WB/build/WB.xcarchive/Products/Applications/WB.app/Frameworks/FMDB.framework'>'>
2018-10-26 03:02:26 +0000 [MT] Skipping profile for item: <IDEDistributionItem: 0x7f8858df0e00 'org.cocoapods.MJRefresh' '<DVTFilePath:0x7f8858dc5280:'/Users/flowerflower/Desktop/Flowerflower/01Demo/WB/WB/build/WB.xcarchive/Products/Applications/WB.app/Frameworks/MJRefresh.framework'>'>
2018-10-26 03:02:26 +0000 [MT] Skipping profile for item: <IDEDistributionItem: 0x7f885906c270 'org.cocoapods.SDWebImage' '<DVTFilePath:0x7f8858dce840:'/Users/flowerflower/Desktop/Flowerflower/01Demo/WB/WB/build/WB.xcarchive/Products/Applications/WB.app/Frameworks/SDWebImage.framework'>'>
2018-10-26 03:02:26 +0000 [MT] Skipping profile for item: <IDEDistributionItem: 0x7f88590627a0 'org.cocoapods.SVProgressHUD' '<DVTFilePath:0x7f8858dd7fc0:'/Users/flowerflower/Desktop/Flowerflower/01Demo/WB/WB/build/WB.xcarchive/Products/Applications/WB.app/Frameworks/SVProgressHUD.framework'>'>
2018-10-26 03:02:26 +0000 [MT] Skipping profile for item: <IDEDistributionItem: 0x7f8858e7c730 'org.cocoapods.SnapKit' '<DVTFilePath:0x7f8858dd3610:'/Users/flowerflower/Desktop/Flowerflower/01Demo/WB/WB/build/WB.xcarchive/Products/Applications/WB.app/Frameworks/SnapKit.framework'>'>
2018-10-26 03:02:26 +0000 [MT] Skipping profile for item: <IDEDistributionItem: 0x7f8858de8ee0 'org.cocoapods.YYModel' '<DVTFilePath:0x7f885902c9d0:'/Users/flowerflower/Desktop/Flowerflower/01Demo/WB/WB/build/WB.xcarchive/Products/Applications/WB.app/Frameworks/YYModel.framework'>'>
2018-10-26 03:02:26 +0000 [MT] Skipping profile for item: <IDEDistributionItem: 0x7f8858f5cad0 'com.apple.dt.runtime.swiftCore' '<DVTFilePath:0x7f8858f23ab0:'/Users/flowerflower/Desktop/Flowerflower/01Demo/WB/WB/build/WB.xcarchive/Products/Applications/WB.app/Frameworks/libswiftCore.dylib'>'>
2018-10-26 03:02:26 +0000 [MT] Skipping profile for item: <IDEDistributionItem: 0x7f8858de90b0 'com.apple.dt.runtime.swiftCoreFoundation' '<DVTFilePath:0x7f8858f24d60:'/Users/flowerflower/Desktop/Flowerflower/01Demo/WB/WB/build/WB.xcarchive/Products/Applications/WB.app/Frameworks/libswiftCoreFoundation.dylib'>'>
2018-10-26 03:02:26 +0000 [MT] Skipping profile for item: <IDEDistributionItem: 0x7f8858f40130 'com.apple.dt.runtime.swiftCoreGraphics' '<DVTFilePath:0x7f8858f25f50:'/Users/flowerflower/Desktop/Flowerflower/01Demo/WB/WB/build/WB.xcarchive/Products/Applications/WB.app/Frameworks/libswiftCoreGraphics.dylib'>'>
2018-10-26 03:02:26 +0000 [MT] Skipping profile for item: <IDEDistributionItem: 0x7f8859072e70 'com.apple.dt.runtime.swiftCoreImage' '<DVTFilePath:0x7f8858f269a0:'/Users/flowerflower/Desktop/Flowerflower/01Demo/WB/WB/build/WB.xcarchive/Products/Applications/WB.app/Frameworks/libswiftCoreImage.dylib'>'>
2018-10-26 03:02:26 +0000 [MT] Skipping profile for item: <IDEDistributionItem: 0x7f8858f657e0 'com.apple.dt.runtime.swiftDarwin' '<DVTFilePath:0x7f8858dbb730:'/Users/flowerflower/Desktop/Flowerflower/01Demo/WB/WB/build/WB.xcarchive/Products/Applications/WB.app/Frameworks/libswiftDarwin.dylib'>'>
2018-10-26 03:02:26 +0000 [MT] Skipping profile for item: <IDEDistributionItem: 0x7f8859042fd0 'com.apple.dt.runtime.swiftDispatch' '<DVTFilePath:0x7f8858dbce20:'/Users/flowerflower/Desktop/Flowerflower/01Demo/WB/WB/build/WB.xcarchive/Products/Applications/WB.app/Frameworks/libswiftDispatch.dylib'>'>
2018-10-26 03:02:26 +0000 [MT] Skipping profile for item: <IDEDistributionItem: 0x7f8858f43aa0 'com.apple.dt.runtime.swiftFoundation' '<DVTFilePath:0x7f8858dbdea0:'/Users/flowerflower/Desktop/Flowerflower/01Demo/WB/WB/build/WB.xcarchive/Products/Applications/WB.app/Frameworks/libswiftFoundation.dylib'>'>
2018-10-26 03:02:26 +0000 [MT] Skipping profile for item: <IDEDistributionItem: 0x7f8859072580 'com.apple.dt.runtime.swiftMetal' '<DVTFilePath:0x7f8858dbef60:'/Users/flowerflower/Desktop/Flowerflower/01Demo/WB/WB/build/WB.xcarchive/Products/Applications/WB.app/Frameworks/libswiftMetal.dylib'>'>
2018-10-26 03:02:26 +0000 [MT] Skipping profile for item: <IDEDistributionItem: 0x7f8858de3e80 'com.apple.dt.runtime.swiftObjectiveC' '<DVTFilePath:0x7f8858dbfd80:'/Users/flowerflower/Desktop/Flowerflower/01Demo/WB/WB/build/WB.xcarchive/Products/Applications/WB.app/Frameworks/libswiftObjectiveC.dylib'>'>
2018-10-26 03:02:26 +0000 [MT] Skipping profile for item: <IDEDistributionItem: 0x7f8859048ee0 'com.apple.dt.runtime.swiftQuartzCore' '<DVTFilePath:0x7f8858dbcc80:'/Users/flowerflower/Desktop/Flowerflower/01Demo/WB/WB/build/WB.xcarchive/Products/Applications/WB.app/Frameworks/libswiftQuartzCore.dylib'>'>
2018-10-26 03:02:26 +0000 [MT] Skipping profile for item: <IDEDistributionItem: 0x7f8858e72630 'com.apple.dt.runtime.swiftSwiftOnoneSupport' '<DVTFilePath:0x7f8858dc3dc0:'/Users/flowerflower/Desktop/Flowerflower/01Demo/WB/WB/build/WB.xcarchive/Products/Applications/WB.app/Frameworks/libswiftSwiftOnoneSupport.dylib'>'>
2018-10-26 03:02:26 +0000 [MT] Skipping profile for item: <IDEDistributionItem: 0x7f885905f710 'com.apple.dt.runtime.swiftUIKit' '<DVTFilePath:0x7f8858dc4550:'/Users/flowerflower/Desktop/Flowerflower/01Demo/WB/WB/build/WB.xcarchive/Products/Applications/WB.app/Frameworks/libswiftUIKit.dylib'>'>
2018-10-26 03:02:26 +0000 [MT] Skipping profile for item: <IDEDistributionItem: 0x7f885904fba0 'com.apple.dt.runtime.swiftos' '<DVTFilePath:0x7f8858dc0de0:'/Users/flowerflower/Desktop/Flowerflower/01Demo/WB/WB/build/WB.xcarchive/Products/Applications/WB.app/Frameworks/libswiftos.dylib'>'>
2018-10-26 03:02:26 +0000 [MT] Skipping profile for item: <IDEDistributionItem: 0x7f885905c460 'org.cocoapods.pop' '<DVTFilePath:0x7f8858f2e0c0:'/Users/flowerflower/Desktop/Flowerflower/01Demo/WB/WB/build/WB.xcarchive/Products/Applications/WB.app/Frameworks/pop.framework'>'>
2018-10-26 03:02:26 +0000 [MT] Processing step: IDEDistributionAppThinningPlistStep
2018-10-26 03:02:26 +0000 [MT] Skipping step: IDEDistributionAppThinningPlistStep because it said so
2018-10-26 03:02:26 +0000 [MT] Processing step: IDEDistributionCompileBitcodeStep
2018-10-26 03:02:26 +0000 [MT] Skipping step: IDEDistributionCompileBitcodeStep because it said so
2018-10-26 03:02:26 +0000 [MT] Processing step: IDEDistributionCodeSlimmingStep
2018-10-26 03:02:26 +0000 [MT] Processing step: IDEDistributionCopyBCSymbolMapsStep
2018-10-26 03:02:26 +0000 [MT] Skipping step: IDEDistributionCopyBCSymbolMapsStep because it said so
2018-10-26 03:02:26 +0000 [MT] Skipping step: IDEDistributionCopyBCSymbolMapsStep because it said so
2018-10-26 03:02:26 +0000 [MT] Skipping step: IDEDistributionCopyBCSymbolMapsStep because it said so
2018-10-26 03:02:26 +0000 [MT] Skipping step: IDEDistributionCopyBCSymbolMapsStep because it said so
2018-10-26 03:02:26 +0000 [MT] Skipping step: IDEDistributionCopyBCSymbolMapsStep because it said so
2018-10-26 03:02:26 +0000 [MT] Skipping step: IDEDistributionCopyBCSymbolMapsStep because it said so
2018-10-26 03:02:26 +0000 [MT] Skipping step: IDEDistributionCopyBCSymbolMapsStep because it said so
2018-10-26 03:02:26 +0000 [MT] Skipping step: IDEDistributionCopyBCSymbolMapsStep because it said so
2018-10-26 03:02:26 +0000 [MT] Skipping step: IDEDistributionCopyBCSymbolMapsStep because it said so
2018-10-26 03:02:26 +0000 [MT] Skipping step: IDEDistributionCopyBCSymbolMapsStep because it said so
2018-10-26 03:02:26 +0000 [MT] Skipping step: IDEDistributionCopyBCSymbolMapsStep because it said so
2018-10-26 03:02:26 +0000 [MT] Skipping step: IDEDistributionCopyBCSymbolMapsStep because it said so
2018-10-26 03:02:26 +0000 [MT] Skipping step: IDEDistributionCopyBCSymbolMapsStep because it said so
2018-10-26 03:02:26 +0000 [MT] Skipping step: IDEDistributionCopyBCSymbolMapsStep because it said so
2018-10-26 03:02:26 +0000 [MT] Skipping step: IDEDistributionCopyBCSymbolMapsStep because it said so
2018-10-26 03:02:26 +0000 [MT] Skipping step: IDEDistributionCopyBCSymbolMapsStep because it said so
2018-10-26 03:02:26 +0000 [MT] Skipping step: IDEDistributionCopyBCSymbolMapsStep because it said so
2018-10-26 03:02:26 +0000 [MT] Skipping step: IDEDistributionCopyBCSymbolMapsStep because it said so
2018-10-26 03:02:26 +0000 [MT] Skipping step: IDEDistributionCopyBCSymbolMapsStep because it said so
2018-10-26 03:02:26 +0000 [MT] Skipping step: IDEDistributionCopyBCSymbolMapsStep because it said so
2018-10-26 03:02:26 +0000 [MT] Skipping step: IDEDistributionCopyBCSymbolMapsStep because it said so
2018-10-26 03:02:26 +0000 [MT] Skipping step: IDEDistributionCopyBCSymbolMapsStep because it said so
2018-10-26 03:02:26 +0000 [MT] Processing step: IDEDistributionSymbolsStep
2018-10-26 03:02:26 +0000 [MT] Skipping step: IDEDistributionSymbolsStep because it said so
2018-10-26 03:02:26 +0000 [MT] Skipping step: IDEDistributionSymbolsStep because it said so
2018-10-26 03:02:26 +0000 [MT] Skipping step: IDEDistributionSymbolsStep because it said so
2018-10-26 03:02:26 +0000 [MT] Skipping step: IDEDistributionSymbolsStep because it said so
2018-10-26 03:02:26 +0000 [MT] Skipping step: IDEDistributionSymbolsStep because it said so
2018-10-26 03:02:26 +0000 [MT] Skipping step: IDEDistributionSymbolsStep because it said so
2018-10-26 03:02:26 +0000 [MT] Skipping step: IDEDistributionSymbolsStep because it said so
2018-10-26 03:02:26 +0000 [MT] Skipping step: IDEDistributionSymbolsStep because it said so
2018-10-26 03:02:26 +0000 [MT] Skipping step: IDEDistributionSymbolsStep because it said so
2018-10-26 03:02:26 +0000 [MT] Skipping step: IDEDistributionSymbolsStep because it said so
2018-10-26 03:02:26 +0000 [MT] Skipping step: IDEDistributionSymbolsStep because it said so
2018-10-26 03:02:26 +0000 [MT] Skipping step: IDEDistributionSymbolsStep because it said so
2018-10-26 03:02:26 +0000 [MT] Skipping step: IDEDistributionSymbolsStep because it said so
2018-10-26 03:02:26 +0000 [MT] Skipping step: IDEDistributionSymbolsStep because it said so
2018-10-26 03:02:26 +0000 [MT] Skipping step: IDEDistributionSymbolsStep because it said so
2018-10-26 03:02:26 +0000 [MT] Skipping step: IDEDistributionSymbolsStep because it said so
2018-10-26 03:02:26 +0000 [MT] Skipping step: IDEDistributionSymbolsStep because it said so
2018-10-26 03:02:26 +0000 [MT] Skipping step: IDEDistributionSymbolsStep because it said so
2018-10-26 03:02:26 +0000 [MT] Skipping step: IDEDistributionSymbolsStep because it said so
2018-10-26 03:02:26 +0000 [MT] Skipping step: IDEDistributionSymbolsStep because it said so
2018-10-26 03:02:26 +0000 [MT] Skipping step: IDEDistributionSymbolsStep because it said so
2018-10-26 03:02:26 +0000 [MT] Skipping step: IDEDistributionSymbolsStep because it said so
2018-10-26 03:02:26 +0000 [MT] Processing step: IDEDistributionAppThinningStep
2018-10-26 03:02:26 +0000 [MT] Skipping step: IDEDistributionAppThinningStep because it said so
2018-10-26 03:02:26 +0000 [MT] Processing step: IDEDistributionODRStep
2018-10-26 03:02:26 +0000 [MT] Processing step: IDEDistributionStripXattrsStep
2018-10-26 03:02:26 +0000 [MT] Skipping stripping extended attributes of item: <IDEDistributionItem: 0x7f8858de8fa0 'org.cocoapods.AFNetworking' '<DVTFilePath:0x7f8858f1ee10:'/Users/flowerflower/Desktop/Flowerflower/01Demo/WB/WB/build/WB.xcarchive/Products/Applications/WB.app/Frameworks/AFNetworking.framework'>'>
2018-10-26 03:02:26 +0000 [MT] Skipping stripping extended attributes of item: <IDEDistributionItem: 0x7f885904d0d0 'org.cocoapods.FMDB' '<DVTFilePath:0x7f8858f1bf70:'/Users/flowerflower/Desktop/Flowerflower/01Demo/WB/WB/build/WB.xcarchive/Products/Applications/WB.app/Frameworks/FMDB.framework'>'>
2018-10-26 03:02:26 +0000 [MT] Skipping stripping extended attributes of item: <IDEDistributionItem: 0x7f8858df0e00 'org.cocoapods.MJRefresh' '<DVTFilePath:0x7f8858dc5280:'/Users/flowerflower/Desktop/Flowerflower/01Demo/WB/WB/build/WB.xcarchive/Products/Applications/WB.app/Frameworks/MJRefresh.framework'>'>
2018-10-26 03:02:26 +0000 [MT] Skipping stripping extended attributes of item: <IDEDistributionItem: 0x7f885906c270 'org.cocoapods.SDWebImage' '<DVTFilePath:0x7f8858dce840:'/Users/flowerflower/Desktop/Flowerflower/01Demo/WB/WB/build/WB.xcarchive/Products/Applications/WB.app/Frameworks/SDWebImage.framework'>'>
2018-10-26 03:02:26 +0000 [MT] Skipping stripping extended attributes of item: <IDEDistributionItem: 0x7f88590627a0 'org.cocoapods.SVProgressHUD' '<DVTFilePath:0x7f8858dd7fc0:'/Users/flowerflower/Desktop/Flowerflower/01Demo/WB/WB/build/WB.xcarchive/Products/Applications/WB.app/Frameworks/SVProgressHUD.framework'>'>
2018-10-26 03:02:26 +0000 [MT] Skipping stripping extended attributes of item: <IDEDistributionItem: 0x7f8858e7c730 'org.cocoapods.SnapKit' '<DVTFilePath:0x7f8858dd3610:'/Users/flowerflower/Desktop/Flowerflower/01Demo/WB/WB/build/WB.xcarchive/Products/Applications/WB.app/Frameworks/SnapKit.framework'>'>
2018-10-26 03:02:26 +0000 [MT] Skipping stripping extended attributes of item: <IDEDistributionItem: 0x7f8858de8ee0 'org.cocoapods.YYModel' '<DVTFilePath:0x7f885902c9d0:'/Users/flowerflower/Desktop/Flowerflower/01Demo/WB/WB/build/WB.xcarchive/Products/Applications/WB.app/Frameworks/YYModel.framework'>'>
2018-10-26 03:02:26 +0000 [MT] Skipping stripping extended attributes of item: <IDEDistributionItem: 0x7f8858f5cad0 'com.apple.dt.runtime.swiftCore' '<DVTFilePath:0x7f8858f23ab0:'/Users/flowerflower/Desktop/Flowerflower/01Demo/WB/WB/build/WB.xcarchive/Products/Applications/WB.app/Frameworks/libswiftCore.dylib'>'>
2018-10-26 03:02:26 +0000 [MT] Skipping stripping extended attributes of item: <IDEDistributionItem: 0x7f8858de90b0 'com.apple.dt.runtime.swiftCoreFoundation' '<DVTFilePath:0x7f8858f24d60:'/Users/flowerflower/Desktop/Flowerflower/01Demo/WB/WB/build/WB.xcarchive/Products/Applications/WB.app/Frameworks/libswiftCoreFoundation.dylib'>'>
2018-10-26 03:02:26 +0000 [MT] Skipping stripping extended attributes of item: <IDEDistributionItem: 0x7f8858f40130 'com.apple.dt.runtime.swiftCoreGraphics' '<DVTFilePath:0x7f8858f25f50:'/Users/flowerflower/Desktop/Flowerflower/01Demo/WB/WB/build/WB.xcarchive/Products/Applications/WB.app/Frameworks/libswiftCoreGraphics.dylib'>'>
2018-10-26 03:02:26 +0000 [MT] Skipping stripping extended attributes of item: <IDEDistributionItem: 0x7f8859072e70 'com.apple.dt.runtime.swiftCoreImage' '<DVTFilePath:0x7f8858f269a0:'/Users/flowerflower/Desktop/Flowerflower/01Demo/WB/WB/build/WB.xcarchive/Products/Applications/WB.app/Frameworks/libswiftCoreImage.dylib'>'>
2018-10-26 03:02:26 +0000 [MT] Skipping stripping extended attributes of item: <IDEDistributionItem: 0x7f8858f657e0 'com.apple.dt.runtime.swiftDarwin' '<DVTFilePath:0x7f8858dbb730:'/Users/flowerflower/Desktop/Flowerflower/01Demo/WB/WB/build/WB.xcarchive/Products/Applications/WB.app/Frameworks/libswiftDarwin.dylib'>'>
2018-10-26 03:02:26 +0000 [MT] Skipping stripping extended attributes of item: <IDEDistributionItem: 0x7f8859042fd0 'com.apple.dt.runtime.swiftDispatch' '<DVTFilePath:0x7f8858dbce20:'/Users/flowerflower/Desktop/Flowerflower/01Demo/WB/WB/build/WB.xcarchive/Products/Applications/WB.app/Frameworks/libswiftDispatch.dylib'>'>
2018-10-26 03:02:26 +0000 [MT] Skipping stripping extended attributes of item: <IDEDistributionItem: 0x7f8858f43aa0 'com.apple.dt.runtime.swiftFoundation' '<DVTFilePath:0x7f8858dbdea0:'/Users/flowerflower/Desktop/Flowerflower/01Demo/WB/WB/build/WB.xcarchive/Products/Applications/WB.app/Frameworks/libswiftFoundation.dylib'>'>
2018-10-26 03:02:26 +0000 [MT] Skipping stripping extended attributes of item: <IDEDistributionItem: 0x7f8859072580 'com.apple.dt.runtime.swiftMetal' '<DVTFilePath:0x7f8858dbef60:'/Users/flowerflower/Desktop/Flowerflower/01Demo/WB/WB/build/WB.xcarchive/Products/Applications/WB.app/Frameworks/libswiftMetal.dylib'>'>
2018-10-26 03:02:26 +0000 [MT] Skipping stripping extended attributes of item: <IDEDistributionItem: 0x7f8858de3e80 'com.apple.dt.runtime.swiftObjectiveC' '<DVTFilePath:0x7f8858dbfd80:'/Users/flowerflower/Desktop/Flowerflower/01Demo/WB/WB/build/WB.xcarchive/Products/Applications/WB.app/Frameworks/libswiftObjectiveC.dylib'>'>
2018-10-26 03:02:26 +0000 [MT] Skipping stripping extended attributes of item: <IDEDistributionItem: 0x7f8859048ee0 'com.apple.dt.runtime.swiftQuartzCore' '<DVTFilePath:0x7f8858dbcc80:'/Users/flowerflower/Desktop/Flowerflower/01Demo/WB/WB/build/WB.xcarchive/Products/Applications/WB.app/Frameworks/libswiftQuartzCore.dylib'>'>
2018-10-26 03:02:26 +0000 [MT] Skipping stripping extended attributes of item: <IDEDistributionItem: 0x7f8858e72630 'com.apple.dt.runtime.swiftSwiftOnoneSupport' '<DVTFilePath:0x7f8858dc3dc0:'/Users/flowerflower/Desktop/Flowerflower/01Demo/WB/WB/build/WB.xcarchive/Products/Applications/WB.app/Frameworks/libswiftSwiftOnoneSupport.dylib'>'>
2018-10-26 03:02:26 +0000 [MT] Skipping stripping extended attributes of item: <IDEDistributionItem: 0x7f885905f710 'com.apple.dt.runtime.swiftUIKit' '<DVTFilePath:0x7f8858dc4550:'/Users/flowerflower/Desktop/Flowerflower/01Demo/WB/WB/build/WB.xcarchive/Products/Applications/WB.app/Frameworks/libswiftUIKit.dylib'>'>
2018-10-26 03:02:26 +0000 [MT] Skipping stripping extended attributes of item: <IDEDistributionItem: 0x7f885904fba0 'com.apple.dt.runtime.swiftos' '<DVTFilePath:0x7f8858dc0de0:'/Users/flowerflower/Desktop/Flowerflower/01Demo/WB/WB/build/WB.xcarchive/Products/Applications/WB.app/Frameworks/libswiftos.dylib'>'>
2018-10-26 03:02:26 +0000 [MT] Skipping stripping extended attributes of item: <IDEDistributionItem: 0x7f885905c460 'org.cocoapods.pop' '<DVTFilePath:0x7f8858f2e0c0:'/Users/flowerflower/Desktop/Flowerflower/01Demo/WB/WB/build/WB.xcarchive/Products/Applications/WB.app/Frameworks/pop.framework'>'>
2018-10-26 03:02:26 +0000 [MT] Running /usr/bin/xattr '-crs' '/var/folders/yy/qvtc6_d97wj9dh4_8hb0sxd80000gq/T/XcodeDistPipeline.ERZ/Root/Payload/WB.app'
2018-10-26 03:02:26 +0000  
2018-10-26 03:02:26 +0000  
2018-10-26 03:02:26 +0000 [MT] /usr/bin/xattr exited with 0
2018-10-26 03:02:26 +0000  
2018-10-26 03:02:26 +0000  2018-10-26 03:02:26 +0000 [MT] Processing step: IDEDistributionCodesignStep

2018-10-26 03:02:26 +0000 [MT] Entitlements for <IDEDistributionItem: 0x7f8858de8fa0 'org.cocoapods.AFNetworking' '<DVTFilePath:0x7f8858f1ee10:'/Users/flowerflower/Desktop/Flowerflower/01Demo/WB/WB/build/WB.xcarchive/Products/Applications/WB.app/Frameworks/AFNetworking.framework'>'>: {
}
2018-10-26 03:02:26 +0000 [MT] Writing entitlements for <IDEDistributionItem: 0x7f8858de8fa0 'org.cocoapods.AFNetworking' '<DVTFilePath:0x7f8858f1ee10:'/Users/flowerflower/Desktop/Flowerflower/01Demo/WB/WB/build/WB.xcarchive/Products/Applications/WB.app/Frameworks/AFNetworking.framework'>'> to: /var/folders/yy/qvtc6_d97wj9dh4_8hb0sxd80000gq/T/XcodeDistPipeline.ERZ/entitlements7f9QHq
2018-10-26 03:02:26 +0000 [MT] Running /usr/bin/codesign '-vvv' '--force' '--sign' '13A985CF3C8850DD14F4054096A81570AD28B665' '--preserve-metadata=identifier,flags' '--entitlements' '/var/folders/yy/qvtc6_d97wj9dh4_8hb0sxd80000gq/T/XcodeDistPipeline.ERZ/entitlements7f9QHq' '/var/folders/yy/qvtc6_d97wj9dh4_8hb0sxd80000gq/T/XcodeDistPipeline.ERZ/Root/Payload/WB.app/Frameworks/AFNetworking.framework'
2018-10-26 03:02:27 +0000  /var/folders/yy/qvtc6_d97wj9dh4_8hb0sxd80000gq/T/XcodeDistPipeline.ERZ/Root/Payload/WB.app/Frameworks/AFNetworking.framework: signed bundle with Mach-O universal (armv7 arm64) [org.cocoapods.AFNetworking]
2018-10-26 03:02:27 +0000  
2018-10-26 03:02:27 +0000  2018-10-26 03:02:27 +0000 [MT] /usr/bin/codesign exited with 0

2018-10-26 03:02:27 +0000  
2018-10-26 03:02:27 +0000 [MT] Entitlements for <IDEDistributionItem: 0x7f885904d0d0 'org.cocoapods.FMDB' '<DVTFilePath:0x7f8858f1bf70:'/Users/flowerflower/Desktop/Flowerflower/01Demo/WB/WB/build/WB.xcarchive/Products/Applications/WB.app/Frameworks/FMDB.framework'>'>: {
}
2018-10-26 03:02:27 +0000 [MT] Writing entitlements for <IDEDistributionItem: 0x7f885904d0d0 'org.cocoapods.FMDB' '<DVTFilePath:0x7f8858f1bf70:'/Users/flowerflower/Desktop/Flowerflower/01Demo/WB/WB/build/WB.xcarchive/Products/Applications/WB.app/Frameworks/FMDB.framework'>'> to: /var/folders/yy/qvtc6_d97wj9dh4_8hb0sxd80000gq/T/XcodeDistPipeline.ERZ/entitlementsx49pqM
2018-10-26 03:02:27 +0000 [MT] Running /usr/bin/codesign '-vvv' '--force' '--sign' '13A985CF3C8850DD14F4054096A81570AD28B665' '--preserve-metadata=identifier,flags' '--entitlements' '/var/folders/yy/qvtc6_d97wj9dh4_8hb0sxd80000gq/T/XcodeDistPipeline.ERZ/entitlementsx49pqM' '/var/folders/yy/qvtc6_d97wj9dh4_8hb0sxd80000gq/T/XcodeDistPipeline.ERZ/Root/Payload/WB.app/Frameworks/FMDB.framework'
2018-10-26 03:02:27 +0000  /var/folders/yy/qvtc6_d97wj9dh4_8hb0sxd80000gq/T/XcodeDistPipeline.ERZ/Root/Payload/WB.app/Frameworks/FMDB.framework: signed bundle with Mach-O universal (armv7 arm64) [org.cocoapods.FMDB]
2018-10-26 03:02:27 +0000  
2018-10-26 03:02:27 +0000  
2018-10-26 03:02:27 +0000  
2018-10-26 03:02:27 +0000 [MT] /usr/bin/codesign exited with 0
2018-10-26 03:02:27 +0000  
2018-10-26 03:02:27 +0000 [MT] Entitlements for <IDEDistributionItem: 0x7f8858df0e00 'org.cocoapods.MJRefresh' '<DVTFilePath:0x7f8858dc5280:'/Users/flowerflower/Desktop/Flowerflower/01Demo/WB/WB/build/WB.xcarchive/Products/Applications/WB.app/Frameworks/MJRefresh.framework'>'>: {
}
2018-10-26 03:02:27 +0000 [MT] Writing entitlements for <IDEDistributionItem: 0x7f8858df0e00 'org.cocoapods.MJRefresh' '<DVTFilePath:0x7f8858dc5280:'/Users/flowerflower/Desktop/Flowerflower/01Demo/WB/WB/build/WB.xcarchive/Products/Applications/WB.app/Frameworks/MJRefresh.framework'>'> to: /var/folders/yy/qvtc6_d97wj9dh4_8hb0sxd80000gq/T/XcodeDistPipeline.ERZ/entitlementsTmevqS
2018-10-26 03:02:27 +0000 [MT] Running /usr/bin/codesign '-vvv' '--force' '--sign' '13A985CF3C8850DD14F4054096A81570AD28B665' '--preserve-metadata=identifier,flags' '--entitlements' '/var/folders/yy/qvtc6_d97wj9dh4_8hb0sxd80000gq/T/XcodeDistPipeline.ERZ/entitlementsTmevqS' '/var/folders/yy/qvtc6_d97wj9dh4_8hb0sxd80000gq/T/XcodeDistPipeline.ERZ/Root/Payload/WB.app/Frameworks/MJRefresh.framework'
2018-10-26 03:02:27 +0000  /var/folders/yy/qvtc6_d97wj9dh4_8hb0sxd80000gq/T/XcodeDistPipeline.ERZ/Root/Payload/WB.app/Frameworks/MJRefresh.framework: signed bundle with Mach-O universal (armv7 arm64) [org.cocoapods.MJRefresh]
2018-10-26 03:02:27 +0000  
2018-10-26 03:02:27 +0000  
2018-10-26 03:02:27 +0000  
2018-10-26 03:02:27 +0000 [MT] /usr/bin/codesign exited with 0
2018-10-26 03:02:27 +0000  
2018-10-26 03:02:27 +0000  
2018-10-26 03:02:27 +0000 [MT] Entitlements for <IDEDistributionItem: 0x7f885906c270 'org.cocoapods.SDWebImage' '<DVTFilePath:0x7f8858dce840:'/Users/flowerflower/Desktop/Flowerflower/01Demo/WB/WB/build/WB.xcarchive/Products/Applications/WB.app/Frameworks/SDWebImage.framework'>'>: {
}
2018-10-26 03:02:27 +0000 [MT] Writing entitlements for <IDEDistributionItem: 0x7f885906c270 'org.cocoapods.SDWebImage' '<DVTFilePath:0x7f8858dce840:'/Users/flowerflower/Desktop/Flowerflower/01Demo/WB/WB/build/WB.xcarchive/Products/Applications/WB.app/Frameworks/SDWebImage.framework'>'> to: /var/folders/yy/qvtc6_d97wj9dh4_8hb0sxd80000gq/T/XcodeDistPipeline.ERZ/entitlementszSKaON
2018-10-26 03:02:27 +0000 [MT] Running /usr/bin/codesign '-vvv' '--force' '--sign' '13A985CF3C8850DD14F4054096A81570AD28B665' '--preserve-metadata=identifier,flags' '--entitlements' '/var/folders/yy/qvtc6_d97wj9dh4_8hb0sxd80000gq/T/XcodeDistPipeline.ERZ/entitlementszSKaON' '/var/folders/yy/qvtc6_d97wj9dh4_8hb0sxd80000gq/T/XcodeDistPipeline.ERZ/Root/Payload/WB.app/Frameworks/SDWebImage.framework'
2018-10-26 03:02:27 +0000  /var/folders/yy/qvtc6_d97wj9dh4_8hb0sxd80000gq/T/XcodeDistPipeline.ERZ/Root/Payload/WB.app/Frameworks/SDWebImage.framework: signed bundle with Mach-O universal (armv7 arm64) [org.cocoapods.SDWebImage]
2018-10-26 03:02:27 +0000  
2018-10-26 03:02:27 +0000  
2018-10-26 03:02:27 +0000 [MT] /usr/bin/codesign exited with 02018-10-26 03:02:27 +0000  

2018-10-26 03:02:27 +0000  
2018-10-26 03:02:27 +0000 [MT] Entitlements for <IDEDistributionItem: 0x7f88590627a0 'org.cocoapods.SVProgressHUD' '<DVTFilePath:0x7f8858dd7fc0:'/Users/flowerflower/Desktop/Flowerflower/01Demo/WB/WB/build/WB.xcarchive/Products/Applications/WB.app/Frameworks/SVProgressHUD.framework'>'>: {
}
2018-10-26 03:02:27 +0000 [MT] Writing entitlements for <IDEDistributionItem: 0x7f88590627a0 'org.cocoapods.SVProgressHUD' '<DVTFilePath:0x7f8858dd7fc0:'/Users/flowerflower/Desktop/Flowerflower/01Demo/WB/WB/build/WB.xcarchive/Products/Applications/WB.app/Frameworks/SVProgressHUD.framework'>'> to: /var/folders/yy/qvtc6_d97wj9dh4_8hb0sxd80000gq/T/XcodeDistPipeline.ERZ/entitlementsNByDBn
2018-10-26 03:02:27 +0000 [MT] Running /usr/bin/codesign '-vvv' '--force' '--sign' '13A985CF3C8850DD14F4054096A81570AD28B665' '--preserve-metadata=identifier,flags' '--entitlements' '/var/folders/yy/qvtc6_d97wj9dh4_8hb0sxd80000gq/T/XcodeDistPipeline.ERZ/entitlementsNByDBn' '/var/folders/yy/qvtc6_d97wj9dh4_8hb0sxd80000gq/T/XcodeDistPipeline.ERZ/Root/Payload/WB.app/Frameworks/SVProgressHUD.framework'
2018-10-26 03:02:27 +0000  /var/folders/yy/qvtc6_d97wj9dh4_8hb0sxd80000gq/T/XcodeDistPipeline.ERZ/Root/Payload/WB.app/Frameworks/SVProgressHUD.framework: signed bundle with Mach-O universal (armv7 arm64) [org.cocoapods.SVProgressHUD]
2018-10-26 03:02:27 +0000  
2018-10-26 03:02:27 +0000  
2018-10-26 03:02:27 +0000  
2018-10-26 03:02:27 +0000 [MT] /usr/bin/codesign exited with 02018-10-26 03:02:27 +0000  

2018-10-26 03:02:27 +0000  
2018-10-26 03:02:27 +0000 [MT] Entitlements for <IDEDistributionItem: 0x7f8858e7c730 'org.cocoapods.SnapKit' '<DVTFilePath:0x7f8858dd3610:'/Users/flowerflower/Desktop/Flowerflower/01Demo/WB/WB/build/WB.xcarchive/Products/Applications/WB.app/Frameworks/SnapKit.framework'>'>: {
}
2018-10-26 03:02:27 +0000 [MT] Writing entitlements for <IDEDistributionItem: 0x7f8858e7c730 'org.cocoapods.SnapKit' '<DVTFilePath:0x7f8858dd3610:'/Users/flowerflower/Desktop/Flowerflower/01Demo/WB/WB/build/WB.xcarchive/Products/Applications/WB.app/Frameworks/SnapKit.framework'>'> to: /var/folders/yy/qvtc6_d97wj9dh4_8hb0sxd80000gq/T/XcodeDistPipeline.ERZ/entitlementsBPxGpW
2018-10-26 03:02:27 +0000 [MT] Running /usr/bin/codesign '-vvv' '--force' '--sign' '13A985CF3C8850DD14F4054096A81570AD28B665' '--preserve-metadata=identifier,flags' '--entitlements' '/var/folders/yy/qvtc6_d97wj9dh4_8hb0sxd80000gq/T/XcodeDistPipeline.ERZ/entitlementsBPxGpW' '/var/folders/yy/qvtc6_d97wj9dh4_8hb0sxd80000gq/T/XcodeDistPipeline.ERZ/Root/Payload/WB.app/Frameworks/SnapKit.framework'
2018-10-26 03:02:27 +0000  /var/folders/yy/qvtc6_d97wj9dh4_8hb0sxd80000gq/T/XcodeDistPipeline.ERZ/Root/Payload/WB.app/Frameworks/SnapKit.framework: signed bundle with Mach-O universal (armv7 arm64) [org.cocoapods.SnapKit]
2018-10-26 03:02:27 +0000  
2018-10-26 03:02:27 +0000 [MT] /usr/bin/codesign exited with 0
2018-10-26 03:02:27 +0000  
2018-10-26 03:02:27 +0000  
2018-10-26 03:02:27 +0000 [MT] Entitlements for <IDEDistributionItem: 0x7f8858de8ee0 'org.cocoapods.YYModel' '<DVTFilePath:0x7f885902c9d0:'/Users/flowerflower/Desktop/Flowerflower/01Demo/WB/WB/build/WB.xcarchive/Products/Applications/WB.app/Frameworks/YYModel.framework'>'>: {
}
2018-10-26 03:02:27 +0000 [MT] Writing entitlements for <IDEDistributionItem: 0x7f8858de8ee0 'org.cocoapods.YYModel' '<DVTFilePath:0x7f885902c9d0:'/Users/flowerflower/Desktop/Flowerflower/01Demo/WB/WB/build/WB.xcarchive/Products/Applications/WB.app/Frameworks/YYModel.framework'>'> to: /var/folders/yy/qvtc6_d97wj9dh4_8hb0sxd80000gq/T/XcodeDistPipeline.ERZ/entitlementsXXzYlB
2018-10-26 03:02:27 +0000 [MT] Running /usr/bin/codesign '-vvv' '--force' '--sign' '13A985CF3C8850DD14F4054096A81570AD28B665' '--preserve-metadata=identifier,flags' '--entitlements' '/var/folders/yy/qvtc6_d97wj9dh4_8hb0sxd80000gq/T/XcodeDistPipeline.ERZ/entitlementsXXzYlB' '/var/folders/yy/qvtc6_d97wj9dh4_8hb0sxd80000gq/T/XcodeDistPipeline.ERZ/Root/Payload/WB.app/Frameworks/YYModel.framework'
2018-10-26 03:02:27 +0000  /var/folders/yy/qvtc6_d97wj9dh4_8hb0sxd80000gq/T/XcodeDistPipeline.ERZ/Root/Payload/WB.app/Frameworks/YYModel.framework: signed bundle with Mach-O universal (armv7 arm64) [org.cocoapods.YYModel]
2018-10-26 03:02:27 +0000  
2018-10-26 03:02:27 +0000  
2018-10-26 03:02:27 +0000 [MT] /usr/bin/codesign exited with 02018-10-26 03:02:27 +0000  

2018-10-26 03:02:27 +0000  
2018-10-26 03:02:27 +0000 [MT] Entitlements for <IDEDistributionItem: 0x7f8858f5cad0 'com.apple.dt.runtime.swiftCore' '<DVTFilePath:0x7f8858f23ab0:'/Users/flowerflower/Desktop/Flowerflower/01Demo/WB/WB/build/WB.xcarchive/Products/Applications/WB.app/Frameworks/libswiftCore.dylib'>'>: {
}
2018-10-26 03:02:27 +0000 [MT] Writing entitlements for <IDEDistributionItem: 0x7f8858f5cad0 'com.apple.dt.runtime.swiftCore' '<DVTFilePath:0x7f8858f23ab0:'/Users/flowerflower/Desktop/Flowerflower/01Demo/WB/WB/build/WB.xcarchive/Products/Applications/WB.app/Frameworks/libswiftCore.dylib'>'> to: /var/folders/yy/qvtc6_d97wj9dh4_8hb0sxd80000gq/T/XcodeDistPipeline.ERZ/entitlementsA0XaNQ
2018-10-26 03:02:27 +0000 [MT] Running /usr/bin/codesign '-vvv' '--force' '--sign' '13A985CF3C8850DD14F4054096A81570AD28B665' '--preserve-metadata=identifier,flags' '--entitlements' '/var/folders/yy/qvtc6_d97wj9dh4_8hb0sxd80000gq/T/XcodeDistPipeline.ERZ/entitlementsA0XaNQ' '/var/folders/yy/qvtc6_d97wj9dh4_8hb0sxd80000gq/T/XcodeDistPipeline.ERZ/Root/Payload/WB.app/Frameworks/libswiftCore.dylib'
2018-10-26 03:02:27 +0000  /var/folders/yy/qvtc6_d97wj9dh4_8hb0sxd80000gq/T/XcodeDistPipeline.ERZ/Root/Payload/WB.app/Frameworks/libswiftCore.dylib: signed Mach-O universal (armv7 armv7s arm64) [com.apple.dt.runtime.swiftCore]
2018-10-26 03:02:27 +0000  
2018-10-26 03:02:27 +0000  2018-10-26 03:02:27 +0000 [MT] /usr/bin/codesign exited with 0

2018-10-26 03:02:27 +0000  
2018-10-26 03:02:27 +0000  
2018-10-26 03:02:27 +0000 [MT] Entitlements for <IDEDistributionItem: 0x7f8858de90b0 'com.apple.dt.runtime.swiftCoreFoundation' '<DVTFilePath:0x7f8858f24d60:'/Users/flowerflower/Desktop/Flowerflower/01Demo/WB/WB/build/WB.xcarchive/Products/Applications/WB.app/Frameworks/libswiftCoreFoundation.dylib'>'>: {
}
2018-10-26 03:02:27 +0000 [MT] Writing entitlements for <IDEDistributionItem: 0x7f8858de90b0 'com.apple.dt.runtime.swiftCoreFoundation' '<DVTFilePath:0x7f8858f24d60:'/Users/flowerflower/Desktop/Flowerflower/01Demo/WB/WB/build/WB.xcarchive/Products/Applications/WB.app/Frameworks/libswiftCoreFoundation.dylib'>'> to: /var/folders/yy/qvtc6_d97wj9dh4_8hb0sxd80000gq/T/XcodeDistPipeline.ERZ/entitlementsXbBVyz
2018-10-26 03:02:27 +0000 [MT] Running /usr/bin/codesign '-vvv' '--force' '--sign' '13A985CF3C8850DD14F4054096A81570AD28B665' '--preserve-metadata=identifier,flags' '--entitlements' '/var/folders/yy/qvtc6_d97wj9dh4_8hb0sxd80000gq/T/XcodeDistPipeline.ERZ/entitlementsXbBVyz' '/var/folders/yy/qvtc6_d97wj9dh4_8hb0sxd80000gq/T/XcodeDistPipeline.ERZ/Root/Payload/WB.app/Frameworks/libswiftCoreFoundation.dylib'
2018-10-26 03:02:28 +0000  /var/folders/yy/qvtc6_d97wj9dh4_8hb0sxd80000gq/T/XcodeDistPipeline.ERZ/Root/Payload/WB.app/Frameworks/libswiftCoreFoundation.dylib: signed Mach-O universal (armv7 armv7s arm64) [com.apple.dt.runtime.swiftCoreFoundation]
2018-10-26 03:02:28 +0000  
2018-10-26 03:02:28 +0000  
2018-10-26 03:02:28 +0000 [MT] /usr/bin/codesign exited with 0
2018-10-26 03:02:28 +0000  
2018-10-26 03:02:28 +0000  
2018-10-26 03:02:28 +0000 [MT] Entitlements for <IDEDistributionItem: 0x7f8858f40130 'com.apple.dt.runtime.swiftCoreGraphics' '<DVTFilePath:0x7f8858f25f50:'/Users/flowerflower/Desktop/Flowerflower/01Demo/WB/WB/build/WB.xcarchive/Products/Applications/WB.app/Frameworks/libswiftCoreGraphics.dylib'>'>: {
}
2018-10-26 03:02:28 +0000 [MT] Writing entitlements for <IDEDistributionItem: 0x7f8858f40130 'com.apple.dt.runtime.swiftCoreGraphics' '<DVTFilePath:0x7f8858f25f50:'/Users/flowerflower/Desktop/Flowerflower/01Demo/WB/WB/build/WB.xcarchive/Products/Applications/WB.app/Frameworks/libswiftCoreGraphics.dylib'>'> to: /var/folders/yy/qvtc6_d97wj9dh4_8hb0sxd80000gq/T/XcodeDistPipeline.ERZ/entitlementsPhHJmx
2018-10-26 03:02:28 +0000 [MT] Running /usr/bin/codesign '-vvv' '--force' '--sign' '13A985CF3C8850DD14F4054096A81570AD28B665' '--preserve-metadata=identifier,flags' '--entitlements' '/var/folders/yy/qvtc6_d97wj9dh4_8hb0sxd80000gq/T/XcodeDistPipeline.ERZ/entitlementsPhHJmx' '/var/folders/yy/qvtc6_d97wj9dh4_8hb0sxd80000gq/T/XcodeDistPipeline.ERZ/Root/Payload/WB.app/Frameworks/libswiftCoreGraphics.dylib'
2018-10-26 03:02:28 +0000  /var/folders/yy/qvtc6_d97wj9dh4_8hb0sxd80000gq/T/XcodeDistPipeline.ERZ/Root/Payload/WB.app/Frameworks/libswiftCoreGraphics.dylib: signed Mach-O universal (armv7 armv7s arm64) [com.apple.dt.runtime.swiftCoreGraphics]
2018-10-26 03:02:28 +0000  
2018-10-26 03:02:28 +0000  2018-10-26 03:02:28 +0000 [MT] /usr/bin/codesign exited with 0

2018-10-26 03:02:28 +0000  
2018-10-26 03:02:28 +0000 [MT] Entitlements for <IDEDistributionItem: 0x7f8859072e70 'com.apple.dt.runtime.swiftCoreImage' '<DVTFilePath:0x7f8858f269a0:'/Users/flowerflower/Desktop/Flowerflower/01Demo/WB/WB/build/WB.xcarchive/Products/Applications/WB.app/Frameworks/libswiftCoreImage.dylib'>'>: {
}
2018-10-26 03:02:28 +0000 [MT] Writing entitlements for <IDEDistributionItem: 0x7f8859072e70 'com.apple.dt.runtime.swiftCoreImage' '<DVTFilePath:0x7f8858f269a0:'/Users/flowerflower/Desktop/Flowerflower/01Demo/WB/WB/build/WB.xcarchive/Products/Applications/WB.app/Frameworks/libswiftCoreImage.dylib'>'> to: /var/folders/yy/qvtc6_d97wj9dh4_8hb0sxd80000gq/T/XcodeDistPipeline.ERZ/entitlementsm7gJOy
2018-10-26 03:02:28 +0000 [MT] Running /usr/bin/codesign '-vvv' '--force' '--sign' '13A985CF3C8850DD14F4054096A81570AD28B665' '--preserve-metadata=identifier,flags' '--entitlements' '/var/folders/yy/qvtc6_d97wj9dh4_8hb0sxd80000gq/T/XcodeDistPipeline.ERZ/entitlementsm7gJOy' '/var/folders/yy/qvtc6_d97wj9dh4_8hb0sxd80000gq/T/XcodeDistPipeline.ERZ/Root/Payload/WB.app/Frameworks/libswiftCoreImage.dylib'
2018-10-26 03:02:28 +0000  /var/folders/yy/qvtc6_d97wj9dh4_8hb0sxd80000gq/T/XcodeDistPipeline.ERZ/Root/Payload/WB.app/Frameworks/libswiftCoreImage.dylib: signed Mach-O universal (armv7 armv7s arm64) [com.apple.dt.runtime.swiftCoreImage]
2018-10-26 03:02:28 +0000  
2018-10-26 03:02:28 +0000  
2018-10-26 03:02:28 +0000  
2018-10-26 03:02:28 +0000  2018-10-26 03:02:28 +0000 [MT] /usr/bin/codesign exited with 0

2018-10-26 03:02:28 +0000  
2018-10-26 03:02:28 +0000  
2018-10-26 03:02:28 +0000 [MT] Entitlements for <IDEDistributionItem: 0x7f8858f657e0 'com.apple.dt.runtime.swiftDarwin' '<DVTFilePath:0x7f8858dbb730:'/Users/flowerflower/Desktop/Flowerflower/01Demo/WB/WB/build/WB.xcarchive/Products/Applications/WB.app/Frameworks/libswiftDarwin.dylib'>'>: {
}
2018-10-26 03:02:28 +0000 [MT] Writing entitlements for <IDEDistributionItem: 0x7f8858f657e0 'com.apple.dt.runtime.swiftDarwin' '<DVTFilePath:0x7f8858dbb730:'/Users/flowerflower/Desktop/Flowerflower/01Demo/WB/WB/build/WB.xcarchive/Products/Applications/WB.app/Frameworks/libswiftDarwin.dylib'>'> to: /var/folders/yy/qvtc6_d97wj9dh4_8hb0sxd80000gq/T/XcodeDistPipeline.ERZ/entitlementsaSTwOy
2018-10-26 03:02:28 +0000 [MT] Running /usr/bin/codesign '-vvv' '--force' '--sign' '13A985CF3C8850DD14F4054096A81570AD28B665' '--preserve-metadata=identifier,flags' '--entitlements' '/var/folders/yy/qvtc6_d97wj9dh4_8hb0sxd80000gq/T/XcodeDistPipeline.ERZ/entitlementsaSTwOy' '/var/folders/yy/qvtc6_d97wj9dh4_8hb0sxd80000gq/T/XcodeDistPipeline.ERZ/Root/Payload/WB.app/Frameworks/libswiftDarwin.dylib'
2018-10-26 03:02:28 +0000  /var/folders/yy/qvtc6_d97wj9dh4_8hb0sxd80000gq/T/XcodeDistPipeline.ERZ/Root/Payload/WB.app/Frameworks/libswiftDarwin.dylib: signed Mach-O universal (armv7 armv7s arm64) [com.apple.dt.runtime.swiftDarwin]
2018-10-26 03:02:28 +0000  
2018-10-26 03:02:28 +0000  
2018-10-26 03:02:28 +0000  
2018-10-26 03:02:28 +0000  
2018-10-26 03:02:28 +0000 [MT] /usr/bin/codesign exited with 0
2018-10-26 03:02:28 +0000  2018-10-26 03:02:28 +0000  

2018-10-26 03:02:28 +0000 [MT] Entitlements for <IDEDistributionItem: 0x7f8859042fd0 'com.apple.dt.runtime.swiftDispatch' '<DVTFilePath:0x7f8858dbce20:'/Users/flowerflower/Desktop/Flowerflower/01Demo/WB/WB/build/WB.xcarchive/Products/Applications/WB.app/Frameworks/libswiftDispatch.dylib'>'>: {
}
2018-10-26 03:02:28 +0000 [MT] Writing entitlements for <IDEDistributionItem: 0x7f8859042fd0 'com.apple.dt.runtime.swiftDispatch' '<DVTFilePath:0x7f8858dbce20:'/Users/flowerflower/Desktop/Flowerflower/01Demo/WB/WB/build/WB.xcarchive/Products/Applications/WB.app/Frameworks/libswiftDispatch.dylib'>'> to: /var/folders/yy/qvtc6_d97wj9dh4_8hb0sxd80000gq/T/XcodeDistPipeline.ERZ/entitlementsMK3MMt
2018-10-26 03:02:28 +0000 [MT] Running /usr/bin/codesign '-vvv' '--force' '--sign' '13A985CF3C8850DD14F4054096A81570AD28B665' '--preserve-metadata=identifier,flags' '--entitlements' '/var/folders/yy/qvtc6_d97wj9dh4_8hb0sxd80000gq/T/XcodeDistPipeline.ERZ/entitlementsMK3MMt' '/var/folders/yy/qvtc6_d97wj9dh4_8hb0sxd80000gq/T/XcodeDistPipeline.ERZ/Root/Payload/WB.app/Frameworks/libswiftDispatch.dylib'
2018-10-26 03:02:28 +0000  /var/folders/yy/qvtc6_d97wj9dh4_8hb0sxd80000gq/T/XcodeDistPipeline.ERZ/Root/Payload/WB.app/Frameworks/libswiftDispatch.dylib: signed Mach-O universal (armv7 armv7s arm64) [com.apple.dt.runtime.swiftDispatch]
2018-10-26 03:02:28 +0000  
2018-10-26 03:02:28 +0000  
2018-10-26 03:02:28 +0000  
2018-10-26 03:02:28 +0000 [MT] /usr/bin/codesign exited with 0
2018-10-26 03:02:28 +0000  
2018-10-26 03:02:28 +0000  
2018-10-26 03:02:28 +0000 [MT] Entitlements for <IDEDistributionItem: 0x7f8858f43aa0 'com.apple.dt.runtime.swiftFoundation' '<DVTFilePath:0x7f8858dbdea0:'/Users/flowerflower/Desktop/Flowerflower/01Demo/WB/WB/build/WB.xcarchive/Products/Applications/WB.app/Frameworks/libswiftFoundation.dylib'>'>: {
}
2018-10-26 03:02:28 +0000 [MT] Writing entitlements for <IDEDistributionItem: 0x7f8858f43aa0 'com.apple.dt.runtime.swiftFoundation' '<DVTFilePath:0x7f8858dbdea0:'/Users/flowerflower/Desktop/Flowerflower/01Demo/WB/WB/build/WB.xcarchive/Products/Applications/WB.app/Frameworks/libswiftFoundation.dylib'>'> to: /var/folders/yy/qvtc6_d97wj9dh4_8hb0sxd80000gq/T/XcodeDistPipeline.ERZ/entitlementsqgmUZy
2018-10-26 03:02:28 +0000 [MT] Running /usr/bin/codesign '-vvv' '--force' '--sign' '13A985CF3C8850DD14F4054096A81570AD28B665' '--preserve-metadata=identifier,flags' '--entitlements' '/var/folders/yy/qvtc6_d97wj9dh4_8hb0sxd80000gq/T/XcodeDistPipeline.ERZ/entitlementsqgmUZy' '/var/folders/yy/qvtc6_d97wj9dh4_8hb0sxd80000gq/T/XcodeDistPipeline.ERZ/Root/Payload/WB.app/Frameworks/libswiftFoundation.dylib'
2018-10-26 03:02:28 +0000  /var/folders/yy/qvtc6_d97wj9dh4_8hb0sxd80000gq/T/XcodeDistPipeline.ERZ/Root/Payload/WB.app/Frameworks/libswiftFoundation.dylib: signed Mach-O universal (armv7 armv7s arm64) [com.apple.dt.runtime.swiftFoundation]
2018-10-26 03:02:28 +0000  
2018-10-26 03:02:28 +0000  
2018-10-26 03:02:28 +0000  
2018-10-26 03:02:28 +0000  2018-10-26 03:02:28 +0000 [MT] /usr/bin/codesign exited with 0

2018-10-26 03:02:28 +0000  
2018-10-26 03:02:28 +0000 [MT] Entitlements for <IDEDistributionItem: 0x7f8859072580 'com.apple.dt.runtime.swiftMetal' '<DVTFilePath:0x7f8858dbef60:'/Users/flowerflower/Desktop/Flowerflower/01Demo/WB/WB/build/WB.xcarchive/Products/Applications/WB.app/Frameworks/libswiftMetal.dylib'>'>: {
}
2018-10-26 03:02:28 +0000 [MT] Writing entitlements for <IDEDistributionItem: 0x7f8859072580 'com.apple.dt.runtime.swiftMetal' '<DVTFilePath:0x7f8858dbef60:'/Users/flowerflower/Desktop/Flowerflower/01Demo/WB/WB/build/WB.xcarchive/Products/Applications/WB.app/Frameworks/libswiftMetal.dylib'>'> to: /var/folders/yy/qvtc6_d97wj9dh4_8hb0sxd80000gq/T/XcodeDistPipeline.ERZ/entitlementsK6EmJi
2018-10-26 03:02:28 +0000 [MT] Running /usr/bin/codesign '-vvv' '--force' '--sign' '13A985CF3C8850DD14F4054096A81570AD28B665' '--preserve-metadata=identifier,flags' '--entitlements' '/var/folders/yy/qvtc6_d97wj9dh4_8hb0sxd80000gq/T/XcodeDistPipeline.ERZ/entitlementsK6EmJi' '/var/folders/yy/qvtc6_d97wj9dh4_8hb0sxd80000gq/T/XcodeDistPipeline.ERZ/Root/Payload/WB.app/Frameworks/libswiftMetal.dylib'
2018-10-26 03:02:28 +0000  /var/folders/yy/qvtc6_d97wj9dh4_8hb0sxd80000gq/T/XcodeDistPipeline.ERZ/Root/Payload/WB.app/Frameworks/libswiftMetal.dylib: signed Mach-O universal (armv7 armv7s arm64) [com.apple.dt.runtime.swiftMetal]
2018-10-26 03:02:28 +0000  
2018-10-26 03:02:28 +0000  
2018-10-26 03:02:28 +0000  
2018-10-26 03:02:28 +0000  
2018-10-26 03:02:28 +0000  2018-10-26 03:02:28 +0000 [MT] /usr/bin/codesign exited with 0
2018-10-26 03:02:28 +0000  

2018-10-26 03:02:28 +0000  
2018-10-26 03:02:28 +0000 [MT] Entitlements for <IDEDistributionItem: 0x7f8858de3e80 'com.apple.dt.runtime.swiftObjectiveC' '<DVTFilePath:0x7f8858dbfd80:'/Users/flowerflower/Desktop/Flowerflower/01Demo/WB/WB/build/WB.xcarchive/Products/Applications/WB.app/Frameworks/libswiftObjectiveC.dylib'>'>: {
}
2018-10-26 03:02:28 +0000 [MT] Writing entitlements for <IDEDistributionItem: 0x7f8858de3e80 'com.apple.dt.runtime.swiftObjectiveC' '<DVTFilePath:0x7f8858dbfd80:'/Users/flowerflower/Desktop/Flowerflower/01Demo/WB/WB/build/WB.xcarchive/Products/Applications/WB.app/Frameworks/libswiftObjectiveC.dylib'>'> to: /var/folders/yy/qvtc6_d97wj9dh4_8hb0sxd80000gq/T/XcodeDistPipeline.ERZ/entitlementsKa8rzE
2018-10-26 03:02:28 +0000 [MT] Running /usr/bin/codesign '-vvv' '--force' '--sign' '13A985CF3C8850DD14F4054096A81570AD28B665' '--preserve-metadata=identifier,flags' '--entitlements' '/var/folders/yy/qvtc6_d97wj9dh4_8hb0sxd80000gq/T/XcodeDistPipeline.ERZ/entitlementsKa8rzE' '/var/folders/yy/qvtc6_d97wj9dh4_8hb0sxd80000gq/T/XcodeDistPipeline.ERZ/Root/Payload/WB.app/Frameworks/libswiftObjectiveC.dylib'
2018-10-26 03:02:28 +0000  /var/folders/yy/qvtc6_d97wj9dh4_8hb0sxd80000gq/T/XcodeDistPipeline.ERZ/Root/Payload/WB.app/Frameworks/libswiftObjectiveC.dylib: signed Mach-O universal (armv7 armv7s arm64) [com.apple.dt.runtime.swiftObjectiveC]
2018-10-26 03:02:28 +0000  
2018-10-26 03:02:28 +0000  
2018-10-26 03:02:28 +0000  
2018-10-26 03:02:28 +0000  
2018-10-26 03:02:28 +0000 [MT] /usr/bin/codesign exited with 0
2018-10-26 03:02:28 +0000  
2018-10-26 03:02:28 +0000  
2018-10-26 03:02:28 +0000 [MT] Entitlements for <IDEDistributionItem: 0x7f8859048ee0 'com.apple.dt.runtime.swiftQuartzCore' '<DVTFilePath:0x7f8858dbcc80:'/Users/flowerflower/Desktop/Flowerflower/01Demo/WB/WB/build/WB.xcarchive/Products/Applications/WB.app/Frameworks/libswiftQuartzCore.dylib'>'>: {
}
2018-10-26 03:02:28 +0000 [MT] Writing entitlements for <IDEDistributionItem: 0x7f8859048ee0 'com.apple.dt.runtime.swiftQuartzCore' '<DVTFilePath:0x7f8858dbcc80:'/Users/flowerflower/Desktop/Flowerflower/01Demo/WB/WB/build/WB.xcarchive/Products/Applications/WB.app/Frameworks/libswiftQuartzCore.dylib'>'> to: /var/folders/yy/qvtc6_d97wj9dh4_8hb0sxd80000gq/T/XcodeDistPipeline.ERZ/entitlementsVtQkdJ
2018-10-26 03:02:28 +0000 [MT] Running /usr/bin/codesign '-vvv' '--force' '--sign' '13A985CF3C8850DD14F4054096A81570AD28B665' '--preserve-metadata=identifier,flags' '--entitlements' '/var/folders/yy/qvtc6_d97wj9dh4_8hb0sxd80000gq/T/XcodeDistPipeline.ERZ/entitlementsVtQkdJ' '/var/folders/yy/qvtc6_d97wj9dh4_8hb0sxd80000gq/T/XcodeDistPipeline.ERZ/Root/Payload/WB.app/Frameworks/libswiftQuartzCore.dylib'
2018-10-26 03:02:29 +0000  /var/folders/yy/qvtc6_d97wj9dh4_8hb0sxd80000gq/T/XcodeDistPipeline.ERZ/Root/Payload/WB.app/Frameworks/libswiftQuartzCore.dylib: signed Mach-O universal (armv7 armv7s arm64) [com.apple.dt.runtime.swiftQuartzCore]
2018-10-26 03:02:29 +0000  
2018-10-26 03:02:29 +0000  
2018-10-26 03:02:29 +0000  
2018-10-26 03:02:29 +0000  
2018-10-26 03:02:29 +0000 [MT] /usr/bin/codesign exited with 0
2018-10-26 03:02:29 +0000  
2018-10-26 03:02:29 +0000  
2018-10-26 03:02:29 +0000 [MT] Entitlements for <IDEDistributionItem: 0x7f8858e72630 'com.apple.dt.runtime.swiftSwiftOnoneSupport' '<DVTFilePath:0x7f8858dc3dc0:'/Users/flowerflower/Desktop/Flowerflower/01Demo/WB/WB/build/WB.xcarchive/Products/Applications/WB.app/Frameworks/libswiftSwiftOnoneSupport.dylib'>'>: {
}
2018-10-26 03:02:29 +0000 [MT] Writing entitlements for <IDEDistributionItem: 0x7f8858e72630 'com.apple.dt.runtime.swiftSwiftOnoneSupport' '<DVTFilePath:0x7f8858dc3dc0:'/Users/flowerflower/Desktop/Flowerflower/01Demo/WB/WB/build/WB.xcarchive/Products/Applications/WB.app/Frameworks/libswiftSwiftOnoneSupport.dylib'>'> to: /var/folders/yy/qvtc6_d97wj9dh4_8hb0sxd80000gq/T/XcodeDistPipeline.ERZ/entitlementsDnbIJw
2018-10-26 03:02:29 +0000 [MT] Running /usr/bin/codesign '-vvv' '--force' '--sign' '13A985CF3C8850DD14F4054096A81570AD28B665' '--preserve-metadata=identifier,flags' '--entitlements' '/var/folders/yy/qvtc6_d97wj9dh4_8hb0sxd80000gq/T/XcodeDistPipeline.ERZ/entitlementsDnbIJw' '/var/folders/yy/qvtc6_d97wj9dh4_8hb0sxd80000gq/T/XcodeDistPipeline.ERZ/Root/Payload/WB.app/Frameworks/libswiftSwiftOnoneSupport.dylib'
2018-10-26 03:02:29 +0000  /var/folders/yy/qvtc6_d97wj9dh4_8hb0sxd80000gq/T/XcodeDistPipeline.ERZ/Root/Payload/WB.app/Frameworks/libswiftSwiftOnoneSupport.dylib: signed Mach-O universal (armv7 armv7s arm64) [com.apple.dt.runtime.swiftSwiftOnoneSupport]
2018-10-26 03:02:29 +0000  
2018-10-26 03:02:29 +0000  
2018-10-26 03:02:29 +0000  
2018-10-26 03:02:29 +0000  
2018-10-26 03:02:29 +0000 [MT] /usr/bin/codesign exited with 0
2018-10-26 03:02:29 +0000  
2018-10-26 03:02:29 +0000  
2018-10-26 03:02:29 +0000 [MT] Entitlements for <IDEDistributionItem: 0x7f885905f710 'com.apple.dt.runtime.swiftUIKit' '<DVTFilePath:0x7f8858dc4550:'/Users/flowerflower/Desktop/Flowerflower/01Demo/WB/WB/build/WB.xcarchive/Products/Applications/WB.app/Frameworks/libswiftUIKit.dylib'>'>: {
}
2018-10-26 03:02:29 +0000 [MT] Writing entitlements for <IDEDistributionItem: 0x7f885905f710 'com.apple.dt.runtime.swiftUIKit' '<DVTFilePath:0x7f8858dc4550:'/Users/flowerflower/Desktop/Flowerflower/01Demo/WB/WB/build/WB.xcarchive/Products/Applications/WB.app/Frameworks/libswiftUIKit.dylib'>'> to: /var/folders/yy/qvtc6_d97wj9dh4_8hb0sxd80000gq/T/XcodeDistPipeline.ERZ/entitlementsxrHm6l
2018-10-26 03:02:29 +0000 [MT] Running /usr/bin/codesign '-vvv' '--force' '--sign' '13A985CF3C8850DD14F4054096A81570AD28B665' '--preserve-metadata=identifier,flags' '--entitlements' '/var/folders/yy/qvtc6_d97wj9dh4_8hb0sxd80000gq/T/XcodeDistPipeline.ERZ/entitlementsxrHm6l' '/var/folders/yy/qvtc6_d97wj9dh4_8hb0sxd80000gq/T/XcodeDistPipeline.ERZ/Root/Payload/WB.app/Frameworks/libswiftUIKit.dylib'
2018-10-26 03:02:29 +0000  /var/folders/yy/qvtc6_d97wj9dh4_8hb0sxd80000gq/T/XcodeDistPipeline.ERZ/Root/Payload/WB.app/Frameworks/libswiftUIKit.dylib: signed Mach-O universal (armv7 armv7s arm64) [com.apple.dt.runtime.swiftUIKit]
2018-10-26 03:02:29 +0000  
2018-10-26 03:02:29 +0000  
2018-10-26 03:02:29 +0000  
2018-10-26 03:02:29 +0000  
2018-10-26 03:02:29 +0000 [MT] /usr/bin/codesign exited with 02018-10-26 03:02:29 +0000  

2018-10-26 03:02:29 +0000  2018-10-26 03:02:29 +0000  

2018-10-26 03:02:29 +0000 [MT] Entitlements for <IDEDistributionItem: 0x7f885904fba0 'com.apple.dt.runtime.swiftos' '<DVTFilePath:0x7f8858dc0de0:'/Users/flowerflower/Desktop/Flowerflower/01Demo/WB/WB/build/WB.xcarchive/Products/Applications/WB.app/Frameworks/libswiftos.dylib'>'>: {
}
2018-10-26 03:02:29 +0000 [MT] Writing entitlements for <IDEDistributionItem: 0x7f885904fba0 'com.apple.dt.runtime.swiftos' '<DVTFilePath:0x7f8858dc0de0:'/Users/flowerflower/Desktop/Flowerflower/01Demo/WB/WB/build/WB.xcarchive/Products/Applications/WB.app/Frameworks/libswiftos.dylib'>'> to: /var/folders/yy/qvtc6_d97wj9dh4_8hb0sxd80000gq/T/XcodeDistPipeline.ERZ/entitlementsTIJpW8
2018-10-26 03:02:29 +0000 [MT] Running /usr/bin/codesign '-vvv' '--force' '--sign' '13A985CF3C8850DD14F4054096A81570AD28B665' '--preserve-metadata=identifier,flags' '--entitlements' '/var/folders/yy/qvtc6_d97wj9dh4_8hb0sxd80000gq/T/XcodeDistPipeline.ERZ/entitlementsTIJpW8' '/var/folders/yy/qvtc6_d97wj9dh4_8hb0sxd80000gq/T/XcodeDistPipeline.ERZ/Root/Payload/WB.app/Frameworks/libswiftos.dylib'
2018-10-26 03:02:29 +0000  /var/folders/yy/qvtc6_d97wj9dh4_8hb0sxd80000gq/T/XcodeDistPipeline.ERZ/Root/Payload/WB.app/Frameworks/libswiftos.dylib: signed Mach-O universal (armv7 armv7s arm64) [com.apple.dt.runtime.swiftos]
2018-10-26 03:02:29 +0000  
2018-10-26 03:02:29 +0000  
2018-10-26 03:02:29 +0000  
2018-10-26 03:02:29 +0000  
2018-10-26 03:02:29 +0000 [MT] /usr/bin/codesign exited with 0
2018-10-26 03:02:29 +0000  2018-10-26 03:02:29 +0000  

2018-10-26 03:02:29 +0000 [MT] Entitlements for <IDEDistributionItem: 0x7f885905c460 'org.cocoapods.pop' '<DVTFilePath:0x7f8858f2e0c0:'/Users/flowerflower/Desktop/Flowerflower/01Demo/WB/WB/build/WB.xcarchive/Products/Applications/WB.app/Frameworks/pop.framework'>'>: {
}
2018-10-26 03:02:29 +0000 [MT] Writing entitlements for <IDEDistributionItem: 0x7f885905c460 'org.cocoapods.pop' '<DVTFilePath:0x7f8858f2e0c0:'/Users/flowerflower/Desktop/Flowerflower/01Demo/WB/WB/build/WB.xcarchive/Products/Applications/WB.app/Frameworks/pop.framework'>'> to: /var/folders/yy/qvtc6_d97wj9dh4_8hb0sxd80000gq/T/XcodeDistPipeline.ERZ/entitlementslhVywc
2018-10-26 03:02:29 +0000 [MT] Running /usr/bin/codesign '-vvv' '--force' '--sign' '13A985CF3C8850DD14F4054096A81570AD28B665' '--preserve-metadata=identifier,flags' '--entitlements' '/var/folders/yy/qvtc6_d97wj9dh4_8hb0sxd80000gq/T/XcodeDistPipeline.ERZ/entitlementslhVywc' '/var/folders/yy/qvtc6_d97wj9dh4_8hb0sxd80000gq/T/XcodeDistPipeline.ERZ/Root/Payload/WB.app/Frameworks/pop.framework'
2018-10-26 03:02:29 +0000  /var/folders/yy/qvtc6_d97wj9dh4_8hb0sxd80000gq/T/XcodeDistPipeline.ERZ/Root/Payload/WB.app/Frameworks/pop.framework: signed bundle with Mach-O universal (armv7 arm64) [org.cocoapods.pop]
2018-10-26 03:02:29 +0000  
2018-10-26 03:02:29 +0000  
2018-10-26 03:02:29 +0000 [MT] /usr/bin/codesign exited with 0
2018-10-26 03:02:29 +0000  
2018-10-26 03:02:29 +0000  
2018-10-26 03:02:29 +0000 [MT] Entitlements for <IDEDistributionItem: 0x7f8859080780 'hh2018wb' '<DVTFilePath:0x7f8858e24510:'/Users/flowerflower/Desktop/Flowerflower/01Demo/WB/WB/build/WB.xcarchive/Products/Applications/WB.app'>'>: {
    "application-identifier" = "WWTFB24CDL.hh2018wb";
    "com.apple.developer.team-identifier" = WWTFB24CDL;
    "get-task-allow" = 0;
    "keychain-access-groups" =     (
        "WWTFB24CDL.hh2018wb"
    );
}
2018-10-26 03:02:29 +0000 [MT] Writing entitlements for <IDEDistributionItem: 0x7f8859080780 'hh2018wb' '<DVTFilePath:0x7f8858e24510:'/Users/flowerflower/Desktop/Flowerflower/01Demo/WB/WB/build/WB.xcarchive/Products/Applications/WB.app'>'> to: /var/folders/yy/qvtc6_d97wj9dh4_8hb0sxd80000gq/T/XcodeDistPipeline.ERZ/entitlementsIdSxpv
2018-10-26 03:02:29 +0000 [MT] Running /usr/bin/codesign '-vvv' '--force' '--sign' '13A985CF3C8850DD14F4054096A81570AD28B665' '--preserve-metadata=identifier,flags' '--entitlements' '/var/folders/yy/qvtc6_d97wj9dh4_8hb0sxd80000gq/T/XcodeDistPipeline.ERZ/entitlementsIdSxpv' '/var/folders/yy/qvtc6_d97wj9dh4_8hb0sxd80000gq/T/XcodeDistPipeline.ERZ/Root/Payload/WB.app'
2018-10-26 03:02:29 +0000  /var/folders/yy/qvtc6_d97wj9dh4_8hb0sxd80000gq/T/XcodeDistPipeline.ERZ/Root/Payload/WB.app: signed app bundle with Mach-O universal (armv7 arm64) [hh2018wb]
2018-10-26 03:02:29 +0000  
2018-10-26 03:02:29 +0000  
2018-10-26 03:02:29 +0000 [MT] /usr/bin/codesign exited with 0
2018-10-26 03:02:29 +0000  
2018-10-26 03:02:29 +0000  2018-10-26 03:02:29 +0000 [MT] Processing step: IDEDistributionStreamingZipItemStep

2018-10-26 03:02:29 +0000 [MT] Skipping step: IDEDistributionStreamingZipItemStep because it said so
2018-10-26 03:02:29 +0000 [MT] Skipping step: IDEDistributionStreamingZipItemStep because it said so
2018-10-26 03:02:29 +0000 [MT] Skipping step: IDEDistributionStreamingZipItemStep because it said so
2018-10-26 03:02:29 +0000 [MT] Skipping step: IDEDistributionStreamingZipItemStep because it said so
2018-10-26 03:02:29 +0000 [MT] Skipping step: IDEDistributionStreamingZipItemStep because it said so
2018-10-26 03:02:29 +0000 [MT] Skipping step: IDEDistributionStreamingZipItemStep because it said so
2018-10-26 03:02:29 +0000 [MT] Skipping step: IDEDistributionStreamingZipItemStep because it said so
2018-10-26 03:02:29 +0000 [MT] Skipping step: IDEDistributionStreamingZipItemStep because it said so
2018-10-26 03:02:29 +0000 [MT] Skipping step: IDEDistributionStreamingZipItemStep because it said so
2018-10-26 03:02:29 +0000 [MT] Skipping step: IDEDistributionStreamingZipItemStep because it said so
2018-10-26 03:02:29 +0000 [MT] Skipping step: IDEDistributionStreamingZipItemStep because it said so
2018-10-26 03:02:29 +0000 [MT] Skipping step: IDEDistributionStreamingZipItemStep because it said so
2018-10-26 03:02:29 +0000 [MT] Skipping step: IDEDistributionStreamingZipItemStep because it said so
2018-10-26 03:02:29 +0000 [MT] Skipping step: IDEDistributionStreamingZipItemStep because it said so
2018-10-26 03:02:29 +0000 [MT] Skipping step: IDEDistributionStreamingZipItemStep because it said so
2018-10-26 03:02:29 +0000 [MT] Skipping step: IDEDistributionStreamingZipItemStep because it said so
2018-10-26 03:02:29 +0000 [MT] Skipping step: IDEDistributionStreamingZipItemStep because it said so
2018-10-26 03:02:29 +0000 [MT] Skipping step: IDEDistributionStreamingZipItemStep because it said so
2018-10-26 03:02:29 +0000 [MT] Skipping step: IDEDistributionStreamingZipItemStep because it said so
2018-10-26 03:02:29 +0000 [MT] Skipping step: IDEDistributionStreamingZipItemStep because it said so
2018-10-26 03:02:29 +0000 [MT] Skipping step: IDEDistributionStreamingZipItemStep because it said so
2018-10-26 03:02:29 +0000 [MT] Skipping step: IDEDistributionStreamingZipItemStep because it said so
2018-10-26 03:02:29 +0000 [MT] Processing step: IDEDistributionCreateIPAStep
2018-10-26 03:02:29 +0000 [MT] Running /usr/bin/ditto '-V' '-c' '-k' '--norsrc' '/var/folders/yy/qvtc6_d97wj9dh4_8hb0sxd80000gq/T/XcodeDistPipeline.ERZ/Root' '/var/folders/yy/qvtc6_d97wj9dh4_8hb0sxd80000gq/T/XcodeDistPipeline.ERZ/Packages/WB.ipa'
2018-10-26 03:02:29 +0000  >>> Copying /var/folders/yy/qvtc6_d97wj9dh4_8hb0sxd80000gq/T/XcodeDistPipeline.ERZ/Root 
2018-10-26 03:02:29 +0000  copying file ./Payload/WB.app/_CodeSignature/CodeResources ... 
2018-10-26 03:02:29 +0000  27292 bytes for ./Payload/WB.app/_CodeSignature/CodeResources
copying file ./Payload/WB.app/AppIcon57x57.png ... 
2018-10-26 03:02:29 +0000  2325 bytes for ./Payload/WB.app/AppIcon57x57.png
2018-10-26 03:02:29 +0000  copying file ./Payload/WB.app/AppIcon57x57@2x.png ... 
2018-10-26 03:02:29 +0000  8165 bytes for ./Payload/WB.app/AppIcon57x57@2x.png
copying file ./Payload/WB.app/AppIcon72x72~ipad.png ... 
2018-10-26 03:02:29 +0000  6704 bytes for ./Payload/WB.app/AppIcon72x72~ipad.png
copying file ./Payload/WB.app/Assets.car ... 
2018-10-26 03:02:29 +0000  576120 bytes for ./Payload/WB.app/Assets.car
2018-10-26 03:02:29 +0000  copying file ./Payload/WB.app/Base.lproj/LaunchScreen.storyboardc/01J-lp-oVM-view-Ze5-6b-2t3.nib ... 
1793 bytes for ./Payload/WB.app/Base.lproj/LaunchScreen.storyboardc/01J-lp-oVM-view-Ze5-6b-2t3.nib
copying file ./Payload/WB.app/Base.lproj/LaunchScreen.storyboardc/Info.plist ... 
2018-10-26 03:02:29 +0000  258 bytes for ./Payload/WB.app/Base.lproj/LaunchScreen.storyboardc/Info.plist
copying file ./Payload/WB.app/Base.lproj/LaunchScreen.storyboardc/UIViewController-01J-lp-oVM.nib ... 
832 bytes for ./Payload/WB.app/Base.lproj/LaunchScreen.storyboardc/UIViewController-01J-lp-oVM.nib
2018-10-26 03:02:29 +0000  copying file ./Payload/WB.app/Base.lproj/Main.storyboardc/BYZ-38-t0r-view-8bC-Xf-vdC.nib ... 
2018-10-26 03:02:29 +0000  1792 bytes for ./Payload/WB.app/Base.lproj/Main.storyboardc/BYZ-38-t0r-view-8bC-Xf-vdC.nib
copying file ./Payload/WB.app/Base.lproj/Main.storyboardc/Info.plist ... 
258 bytes for ./Payload/WB.app/Base.lproj/Main.storyboardc/Info.plist
copying file ./Payload/WB.app/Base.lproj/Main.storyboardc/UIViewController-BYZ-38-t0r.nib ... 
2018-10-26 03:02:29 +0000  925 bytes for ./Payload/WB.app/Base.lproj/Main.storyboardc/UIViewController-BYZ-38-t0r.nib
copying file ./Payload/WB.app/ComposeController.nib ... 
2018-10-26 03:02:29 +0000  5234 bytes for ./Payload/WB.app/ComposeController.nib
copying file ./Payload/WB.app/embedded.mobileprovision ... 
2018-10-26 03:02:29 +0000  13265 bytes for ./Payload/WB.app/embedded.mobileprovision
2018-10-26 03:02:29 +0000  copying file ./Payload/WB.app/Frameworks/AFNetworking.framework/_CodeSignature/CodeResources ... 
2202 bytes for ./Payload/WB.app/Frameworks/AFNetworking.framework/_CodeSignature/CodeResources
copying file ./Payload/WB.app/Frameworks/AFNetworking.framework/AFNetworking ... 
2018-10-26 03:02:29 +0000  1247456 bytes for ./Payload/WB.app/Frameworks/AFNetworking.framework/AFNetworking
copying file ./Payload/WB.app/Frameworks/AFNetworking.framework/Info.plist ... 
2018-10-26 03:02:29 +0000  745 bytes for ./Payload/WB.app/Frameworks/AFNetworking.framework/Info.plist
copying file ./Payload/WB.app/Frameworks/FMDB.framework/_CodeSignature/CodeResources ... 
2202 bytes for ./Payload/WB.app/Frameworks/FMDB.framework/_CodeSignature/CodeResources
copying file ./Payload/WB.app/Frameworks/FMDB.framework/FMDB ... 
2018-10-26 03:02:29 +0000  476432 bytes for ./Payload/WB.app/Frameworks/FMDB.framework/FMDB
copying file ./Payload/WB.app/Frameworks/FMDB.framework/Info.plist ... 
2018-10-26 03:02:29 +0000  729 bytes for ./Payload/WB.app/Frameworks/FMDB.framework/Info.plist
copying file ./Payload/WB.app/Frameworks/libswiftCore.dylib ... 
2018-10-26 03:02:30 +0000  18072896 bytes for ./Payload/WB.app/Frameworks/libswiftCore.dylib
copying file ./Payload/WB.app/Frameworks/libswiftCoreFoundation.dylib ... 
2018-10-26 03:02:30 +0000  250560 bytes for ./Payload/WB.app/Frameworks/libswiftCoreFoundation.dylib
copying file ./Payload/WB.app/Frameworks/libswiftCoreGraphics.dylib ... 
2018-10-26 03:02:30 +0000  650768 bytes for ./Payload/WB.app/Frameworks/libswiftCoreGraphics.dylib
copying file ./Payload/WB.app/Frameworks/libswiftCoreImage.dylib ... 
2018-10-26 03:02:30 +0000  251088 bytes for ./Payload/WB.app/Frameworks/libswiftCoreImage.dylib
copying file ./Payload/WB.app/Frameworks/libswiftDarwin.dylib ... 
2018-10-26 03:02:30 +0000  403904 bytes for ./Payload/WB.app/Frameworks/libswiftDarwin.dylib
copying file ./Payload/WB.app/Frameworks/libswiftDispatch.dylib ... 
2018-10-26 03:02:30 +0000  987520 bytes for ./Payload/WB.app/Frameworks/libswiftDispatch.dylib
copying file ./Payload/WB.app/Frameworks/libswiftFoundation.dylib ... 
2018-10-26 03:02:30 +0000  8570944 bytes for ./Payload/WB.app/Frameworks/libswiftFoundation.dylib
copying file ./Payload/WB.app/Frameworks/libswiftMetal.dylib ... 
2018-10-26 03:02:30 +0000  260864 bytes for ./Payload/WB.app/Frameworks/libswiftMetal.dylib
copying file ./Payload/WB.app/Frameworks/libswiftObjectiveC.dylib ... 
2018-10-26 03:02:30 +0000  300112 bytes for ./Payload/WB.app/Frameworks/libswiftObjectiveC.dylib
copying file ./Payload/WB.app/Frameworks/libswiftos.dylib ... 
2018-10-26 03:02:30 +0000  259760 bytes for ./Payload/WB.app/Frameworks/libswiftos.dylib
copying file ./Payload/WB.app/Frameworks/libswiftQuartzCore.dylib ... 
2018-10-26 03:02:30 +0000  254064 bytes for ./Payload/WB.app/Frameworks/libswiftQuartzCore.dylib
copying file ./Payload/WB.app/Frameworks/libswiftSwiftOnoneSupport.dylib ... 
2018-10-26 03:02:30 +0000  1464688 bytes for ./Payload/WB.app/Frameworks/libswiftSwiftOnoneSupport.dylib
copying file ./Payload/WB.app/Frameworks/libswiftUIKit.dylib ... 
2018-10-26 03:02:30 +0000  460112 bytes for ./Payload/WB.app/Frameworks/libswiftUIKit.dylib
2018-10-26 03:02:30 +0000  copying file ./Payload/WB.app/Frameworks/MJRefresh.framework/_CodeSignature/CodeResources ... 
2018-10-26 03:02:30 +0000  3917 bytes for ./Payload/WB.app/Frameworks/MJRefresh.framework/_CodeSignature/CodeResources
2018-10-26 03:02:30 +0000  copying file ./Payload/WB.app/Frameworks/MJRefresh.framework/Info.plist ... 
740 bytes for ./Payload/WB.app/Frameworks/MJRefresh.framework/Info.plist
copying file ./Payload/WB.app/Frameworks/MJRefresh.framework/MJRefresh ... 
2018-10-26 03:02:30 +0000  545296 bytes for ./Payload/WB.app/Frameworks/MJRefresh.framework/MJRefresh
2018-10-26 03:02:30 +0000  copying file ./Payload/WB.app/Frameworks/MJRefresh.framework/MJRefresh.bundle/arrow@2x.png ... 
1033 bytes for ./Payload/WB.app/Frameworks/MJRefresh.framework/MJRefresh.bundle/arrow@2x.png
2018-10-26 03:02:30 +0000  copying file ./Payload/WB.app/Frameworks/MJRefresh.framework/MJRefresh.bundle/en.lproj/Localizable.strings ... 
1372 bytes for ./Payload/WB.app/Frameworks/MJRefresh.framework/MJRefresh.bundle/en.lproj/Localizable.strings
2018-10-26 03:02:30 +0000  copying file ./Payload/WB.app/Frameworks/MJRefresh.framework/MJRefresh.bundle/zh-Hans.lproj/Localizable.strings ... 
1194 bytes for ./Payload/WB.app/Frameworks/MJRefresh.framework/MJRefresh.bundle/zh-Hans.lproj/Localizable.strings
copying file ./Payload/WB.app/Frameworks/MJRefresh.framework/MJRefresh.bundle/zh-Hant.lproj/Localizable.strings ... 
2018-10-26 03:02:30 +0000  773 bytes for ./Payload/WB.app/Frameworks/MJRefresh.framework/MJRefresh.bundle/zh-Hant.lproj/Localizable.strings
2018-10-26 03:02:30 +0000  copying file ./Payload/WB.app/Frameworks/pop.framework/_CodeSignature/CodeResources ... 
2202 bytes for ./Payload/WB.app/Frameworks/pop.framework/_CodeSignature/CodeResources
copying file ./Payload/WB.app/Frameworks/pop.framework/Info.plist ... 
2018-10-26 03:02:30 +0000  728 bytes for ./Payload/WB.app/Frameworks/pop.framework/Info.plist
copying file ./Payload/WB.app/Frameworks/pop.framework/pop ... 
2018-10-26 03:02:31 +0000  1099152 bytes for ./Payload/WB.app/Frameworks/pop.framework/pop
2018-10-26 03:02:31 +0000  copying file ./Payload/WB.app/Frameworks/SDWebImage.framework/_CodeSignature/CodeResources ... 
2018-10-26 03:02:31 +0000  2202 bytes for ./Payload/WB.app/Frameworks/SDWebImage.framework/_CodeSignature/CodeResources
copying file ./Payload/WB.app/Frameworks/SDWebImage.framework/Info.plist ... 
2018-10-26 03:02:31 +0000  741 bytes for ./Payload/WB.app/Frameworks/SDWebImage.framework/Info.plist
copying file ./Payload/WB.app/Frameworks/SDWebImage.framework/SDWebImage ... 
2018-10-26 03:02:31 +0000  966416 bytes for ./Payload/WB.app/Frameworks/SDWebImage.framework/SDWebImage
2018-10-26 03:02:31 +0000  copying file ./Payload/WB.app/Frameworks/SnapKit.framework/_CodeSignature/CodeResources ... 
2018-10-26 03:02:31 +0000  2202 bytes for ./Payload/WB.app/Frameworks/SnapKit.framework/_CodeSignature/CodeResources
copying file ./Payload/WB.app/Frameworks/SnapKit.framework/Info.plist ... 
735 bytes for ./Payload/WB.app/Frameworks/SnapKit.framework/Info.plist
copying file ./Payload/WB.app/Frameworks/SnapKit.framework/SnapKit ... 
2018-10-26 03:02:31 +0000  960096 bytes for ./Payload/WB.app/Frameworks/SnapKit.framework/SnapKit
2018-10-26 03:02:31 +0000  copying file ./Payload/WB.app/Frameworks/SVProgressHUD.framework/_CodeSignature/CodeResources ... 
6110 bytes for ./Payload/WB.app/Frameworks/SVProgressHUD.framework/_CodeSignature/CodeResources
2018-10-26 03:02:31 +0000  copying file ./Payload/WB.app/Frameworks/SVProgressHUD.framework/Info.plist ... 
747 bytes for ./Payload/WB.app/Frameworks/SVProgressHUD.framework/Info.plist
copying file ./Payload/WB.app/Frameworks/SVProgressHUD.framework/SVProgressHUD ... 
2018-10-26 03:02:31 +0000  476896 bytes for ./Payload/WB.app/Frameworks/SVProgressHUD.framework/SVProgressHUD
2018-10-26 03:02:31 +0000  copying file ./Payload/WB.app/Frameworks/SVProgressHUD.framework/SVProgressHUD.bundle/angle-mask.png ... 
1845 bytes for ./Payload/WB.app/Frameworks/SVProgressHUD.framework/SVProgressHUD.bundle/angle-mask.png
copying file ./Payload/WB.app/Frameworks/SVProgressHUD.framework/SVProgressHUD.bundle/angle-mask@2x.png ... 
2018-10-26 03:02:31 +0000  4893 bytes for ./Payload/WB.app/Frameworks/SVProgressHUD.framework/SVProgressHUD.bundle/angle-mask@2x.png
copying file ./Payload/WB.app/Frameworks/SVProgressHUD.framework/SVProgressHUD.bundle/angle-mask@3x.png ... 
2018-10-26 03:02:31 +0000  8319 bytes for ./Payload/WB.app/Frameworks/SVProgressHUD.framework/SVProgressHUD.bundle/angle-mask@3x.png
copying file ./Payload/WB.app/Frameworks/SVProgressHUD.framework/SVProgressHUD.bundle/error.png ... 
2018-10-26 03:02:31 +0000  184 bytes for ./Payload/WB.app/Frameworks/SVProgressHUD.framework/SVProgressHUD.bundle/error.png
copying file ./Payload/WB.app/Frameworks/SVProgressHUD.framework/SVProgressHUD.bundle/error@2x.png ... 
306 bytes for ./Payload/WB.app/Frameworks/SVProgressHUD.framework/SVProgressHUD.bundle/error@2x.png
copying file ./Payload/WB.app/Frameworks/SVProgressHUD.framework/SVProgressHUD.bundle/error@3x.png ... 
2018-10-26 03:02:31 +0000  398 bytes for ./Payload/WB.app/Frameworks/SVProgressHUD.framework/SVProgressHUD.bundle/error@3x.png
copying file ./Payload/WB.app/Frameworks/SVProgressHUD.framework/SVProgressHUD.bundle/info.png ... 
365 bytes for ./Payload/WB.app/Frameworks/SVProgressHUD.framework/SVProgressHUD.bundle/info.png
2018-10-26 03:02:31 +0000  copying file ./Payload/WB.app/Frameworks/SVProgressHUD.framework/SVProgressHUD.bundle/info@2x.png ... 
816 bytes for ./Payload/WB.app/Frameworks/SVProgressHUD.framework/SVProgressHUD.bundle/info@2x.png
copying file ./Payload/WB.app/Frameworks/SVProgressHUD.framework/SVProgressHUD.bundle/info@3x.png ... 
2018-10-26 03:02:31 +0000  1200 bytes for ./Payload/WB.app/Frameworks/SVProgressHUD.framework/SVProgressHUD.bundle/info@3x.png
copying file ./Payload/WB.app/Frameworks/SVProgressHUD.framework/SVProgressHUD.bundle/success.png ... 
262 bytes for ./Payload/WB.app/Frameworks/SVProgressHUD.framework/SVProgressHUD.bundle/success.png
copying file ./Payload/WB.app/Frameworks/SVProgressHUD.framework/SVProgressHUD.bundle/success@2x.png ... 
2018-10-26 03:02:31 +0000  462 bytes for ./Payload/WB.app/Frameworks/SVProgressHUD.framework/SVProgressHUD.bundle/success@2x.png
copying file ./Payload/WB.app/Frameworks/SVProgressHUD.framework/SVProgressHUD.bundle/success@3x.png ... 
714 bytes for ./Payload/WB.app/Frameworks/SVProgressHUD.framework/SVProgressHUD.bundle/success@3x.png
2018-10-26 03:02:31 +0000  copying file ./Payload/WB.app/Frameworks/YYModel.framework/_CodeSignature/CodeResources ... 
2018-10-26 03:02:31 +0000  2202 bytes for ./Payload/WB.app/Frameworks/YYModel.framework/_CodeSignature/CodeResources
copying file ./Payload/WB.app/Frameworks/YYModel.framework/Info.plist ... 
2018-10-26 03:02:31 +0000  735 bytes for ./Payload/WB.app/Frameworks/YYModel.framework/Info.plist
copying file ./Payload/WB.app/Frameworks/YYModel.framework/YYModel ... 
2018-10-26 03:02:31 +0000  454496 bytes for ./Payload/WB.app/Frameworks/YYModel.framework/YYModel
2018-10-26 03:02:31 +0000  copying file ./Payload/WB.app/HomeCell.nib ... 
2018-10-26 03:02:31 +0000  9787 bytes for ./Payload/WB.app/HomeCell.nib
copying file ./Payload/WB.app/Info.plist ... 
2018-10-26 03:02:31 +0000  1366 bytes for ./Payload/WB.app/Info.plist
copying file ./Payload/WB.app/PicCell.nib ... 
2018-10-26 03:02:31 +0000  2509 bytes for ./Payload/WB.app/PicCell.nib
copying file ./Payload/WB.app/PkgInfo ... 
2018-10-26 03:02:31 +0000  8 bytes for ./Payload/WB.app/PkgInfo
copying file ./Payload/WB.app/SelectPhotoCell.nib ... 
2018-10-26 03:02:31 +0000  3626 bytes for ./Payload/WB.app/SelectPhotoCell.nib
copying file ./Payload/WB.app/TabBar.json ... 
440 bytes for ./Payload/WB.app/TabBar.json
copying file ./Payload/WB.app/VisitorView.nib ... 
2018-10-26 03:02:31 +0000  5034 bytes for ./Payload/WB.app/VisitorView.nib
copying file ./Payload/WB.app/WB ... 
2018-10-26 03:02:31 +0000  1239632 bytes for ./Payload/WB.app/WB
copying file ./Payload/WB.app/WelcomeController.nib ... 
2018-10-26 03:02:31 +0000  3369 bytes for ./Payload/WB.app/WelcomeController.nib
2018-10-26 03:02:31 +0000  
2018-10-26 03:02:31 +0000  2018-10-26 03:02:31 +0000 [MT] /usr/bin/ditto exited with 0

2018-10-26 03:02:31 +0000  
2018-10-26 03:02:31 +0000 [MT] Processing step: IDEDistributionCreateManifestStep
